<?xml version="1.0" encoding="UTF-8"?>
<testsuite name="com.woowahan.baeminfresh.BaeminfreshAPIApplicationTests" tests="1" skipped="0" failures="0" errors="0" timestamp="2016-09-13T06:05:52" hostname="macprong.local" time="0.009">
  <properties/>
  <testcase name="contextLoads" classname="com.woowahan.baeminfresh.BaeminfreshAPIApplicationTests" time="0.009"/>
  <system-out><![CDATA[15:05:46.510 [Test worker] DEBUG org.springframework.test.context.junit4.SpringJUnit4ClassRunner - SpringJUnit4ClassRunner constructor called with [class com.woowahan.baeminfresh.BaeminfreshAPIApplicationTests]
15:05:46.514 [Test worker] DEBUG org.springframework.test.context.BootstrapUtils - Instantiating CacheAwareContextLoaderDelegate from class [org.springframework.test.context.cache.DefaultCacheAwareContextLoaderDelegate]
15:05:46.523 [Test worker] DEBUG org.springframework.test.context.BootstrapUtils - Instantiating BootstrapContext using constructor [public org.springframework.test.context.support.DefaultBootstrapContext(java.lang.Class,org.springframework.test.context.CacheAwareContextLoaderDelegate)]
15:05:46.539 [Test worker] DEBUG org.springframework.test.context.BootstrapUtils - Instantiating TestContextBootstrapper for test class [com.woowahan.baeminfresh.BaeminfreshAPIApplicationTests] from class [org.springframework.boot.test.context.SpringBootTestContextBootstrapper]
15:05:46.550 [Test worker] INFO org.springframework.boot.test.context.SpringBootTestContextBootstrapper - Neither @ContextConfiguration nor @ContextHierarchy found for test class [com.woowahan.baeminfresh.BaeminfreshAPIApplicationTests], using SpringBootContextLoader
15:05:46.553 [Test worker] DEBUG org.springframework.test.context.support.AbstractContextLoader - Did not detect default resource location for test class [com.woowahan.baeminfresh.BaeminfreshAPIApplicationTests]: class path resource [com/woowahan/baeminfresh/BaeminfreshAPIApplicationTests-context.xml] does not exist
15:05:46.554 [Test worker] DEBUG org.springframework.test.context.support.AbstractContextLoader - Did not detect default resource location for test class [com.woowahan.baeminfresh.BaeminfreshAPIApplicationTests]: class path resource [com/woowahan/baeminfresh/BaeminfreshAPIApplicationTestsContext.groovy] does not exist
15:05:46.554 [Test worker] INFO org.springframework.test.context.support.AbstractContextLoader - Could not detect default resource locations for test class [com.woowahan.baeminfresh.BaeminfreshAPIApplicationTests]: no resource found for suffixes {-context.xml, Context.groovy}.
15:05:46.555 [Test worker] INFO org.springframework.test.context.support.AnnotationConfigContextLoaderUtils - Could not detect default configuration classes for test class [com.woowahan.baeminfresh.BaeminfreshAPIApplicationTests]: BaeminfreshAPIApplicationTests does not declare any static, non-private, non-final, nested classes annotated with @Configuration.
15:05:46.594 [Test worker] DEBUG org.springframework.test.context.support.ActiveProfilesUtils - Could not find an 'annotation declaring class' for annotation type [org.springframework.test.context.ActiveProfiles] and class [com.woowahan.baeminfresh.BaeminfreshAPIApplicationTests]
15:05:46.635 [Test worker] DEBUG org.springframework.core.env.StandardEnvironment - Adding [systemProperties] PropertySource with lowest search precedence
15:05:46.635 [Test worker] DEBUG org.springframework.core.env.StandardEnvironment - Adding [systemEnvironment] PropertySource with lowest search precedence
15:05:46.635 [Test worker] DEBUG org.springframework.core.env.StandardEnvironment - Initialized StandardEnvironment with PropertySources [systemProperties,systemEnvironment]
15:05:46.645 [Test worker] DEBUG org.springframework.core.io.support.PathMatchingResourcePatternResolver - Resolved classpath location [com/woowahan/baeminfresh/] to resources [URL [file:/Users/ykpark/office/projects/ng-baeminfresh/baeminfresh-api/build/classes/test/com/woowahan/baeminfresh/], URL [file:/Users/ykpark/office/projects/ng-baeminfresh/baeminfresh-api/build/classes/main/com/woowahan/baeminfresh/]]
15:05:46.645 [Test worker] DEBUG org.springframework.core.io.support.PathMatchingResourcePatternResolver - Looking for matching resources in directory tree [/Users/ykpark/office/projects/ng-baeminfresh/baeminfresh-api/build/classes/test/com/woowahan/baeminfresh]
15:05:46.646 [Test worker] DEBUG org.springframework.core.io.support.PathMatchingResourcePatternResolver - Searching directory [/Users/ykpark/office/projects/ng-baeminfresh/baeminfresh-api/build/classes/test/com/woowahan/baeminfresh] for files matching pattern [/Users/ykpark/office/projects/ng-baeminfresh/baeminfresh-api/build/classes/test/com/woowahan/baeminfresh/*.class]
15:05:46.649 [Test worker] DEBUG org.springframework.core.io.support.PathMatchingResourcePatternResolver - Looking for matching resources in directory tree [/Users/ykpark/office/projects/ng-baeminfresh/baeminfresh-api/build/classes/main/com/woowahan/baeminfresh]
15:05:46.649 [Test worker] DEBUG org.springframework.core.io.support.PathMatchingResourcePatternResolver - Searching directory [/Users/ykpark/office/projects/ng-baeminfresh/baeminfresh-api/build/classes/main/com/woowahan/baeminfresh] for files matching pattern [/Users/ykpark/office/projects/ng-baeminfresh/baeminfresh-api/build/classes/main/com/woowahan/baeminfresh/*.class]
15:05:46.650 [Test worker] DEBUG org.springframework.core.io.support.PathMatchingResourcePatternResolver - Resolved location pattern [classpath*:com/woowahan/baeminfresh/*.class] to resources [file [/Users/ykpark/office/projects/ng-baeminfresh/baeminfresh-api/build/classes/test/com/woowahan/baeminfresh/BaeminfreshAPIApplicationTests.class], file [/Users/ykpark/office/projects/ng-baeminfresh/baeminfresh-api/build/classes/main/com/woowahan/baeminfresh/BaeminfreshAPIApplication.class]]
15:05:46.695 [Test worker] DEBUG org.springframework.context.annotation.ClassPathScanningCandidateComponentProvider - Identified candidate component class: file [/Users/ykpark/office/projects/ng-baeminfresh/baeminfresh-api/build/classes/main/com/woowahan/baeminfresh/BaeminfreshAPIApplication.class]
15:05:46.696 [Test worker] INFO org.springframework.boot.test.context.SpringBootTestContextBootstrapper - Found @SpringBootConfiguration com.woowahan.baeminfresh.BaeminfreshAPIApplication for test class com.woowahan.baeminfresh.BaeminfreshAPIApplicationTests
15:05:46.700 [Test worker] DEBUG org.springframework.boot.test.context.SpringBootTestContextBootstrapper - @TestExecutionListeners is not present for class [com.woowahan.baeminfresh.BaeminfreshAPIApplicationTests]: using defaults.
15:05:46.703 [Test worker] INFO org.springframework.boot.test.context.SpringBootTestContextBootstrapper - Loaded default TestExecutionListener class names from location [META-INF/spring.factories]: [org.springframework.boot.test.mock.mockito.MockitoTestExecutionListener, org.springframework.boot.test.mock.mockito.ResetMocksTestExecutionListener, org.springframework.boot.test.autoconfigure.AutoConfigureReportTestExecutionListener, org.springframework.boot.test.autoconfigure.restdocs.RestDocsTestExecutionListener, org.springframework.boot.test.autoconfigure.web.client.MockRestServiceServerResetTestExecutionListener, org.springframework.test.context.web.ServletTestExecutionListener, org.springframework.test.context.support.DirtiesContextBeforeModesTestExecutionListener, org.springframework.test.context.support.DependencyInjectionTestExecutionListener, org.springframework.test.context.support.DirtiesContextTestExecutionListener, org.springframework.test.context.transaction.TransactionalTestExecutionListener, org.springframework.test.context.jdbc.SqlScriptsTestExecutionListener]
15:05:46.716 [Test worker] INFO org.springframework.boot.test.context.SpringBootTestContextBootstrapper - Using TestExecutionListeners: [org.springframework.test.context.web.ServletTestExecutionListener@2c2ebaf0, org.springframework.test.context.support.DirtiesContextBeforeModesTestExecutionListener@308e7b94, org.springframework.boot.test.autoconfigure.AutoConfigureReportTestExecutionListener@574ab0e5, org.springframework.test.context.support.DependencyInjectionTestExecutionListener@69babc27, org.springframework.test.context.support.DirtiesContextTestExecutionListener@309a62da, org.springframework.test.context.transaction.TransactionalTestExecutionListener@730bed86, org.springframework.test.context.jdbc.SqlScriptsTestExecutionListener@7144a69a, org.springframework.boot.test.mock.mockito.ResetMocksTestExecutionListener@4d237711, org.springframework.boot.test.autoconfigure.web.client.MockRestServiceServerResetTestExecutionListener@2e4c40dd, org.springframework.boot.test.autoconfigure.restdocs.RestDocsTestExecutionListener@287ef4f, org.springframework.boot.test.mock.mockito.MockitoTestExecutionListener@56a3e9f3]
15:05:46.719 [Test worker] DEBUG org.springframework.test.annotation.ProfileValueUtils - Retrieved @ProfileValueSourceConfiguration [null] for test class [com.woowahan.baeminfresh.BaeminfreshAPIApplicationTests]
15:05:46.720 [Test worker] DEBUG org.springframework.test.annotation.ProfileValueUtils - Retrieved ProfileValueSource type [class org.springframework.test.annotation.SystemProfileValueSource] for class [com.woowahan.baeminfresh.BaeminfreshAPIApplicationTests]
15:05:46.721 [Test worker] DEBUG org.springframework.test.annotation.ProfileValueUtils - Retrieved @ProfileValueSourceConfiguration [null] for test class [com.woowahan.baeminfresh.BaeminfreshAPIApplicationTests]
15:05:46.721 [Test worker] DEBUG org.springframework.test.annotation.ProfileValueUtils - Retrieved ProfileValueSource type [class org.springframework.test.annotation.SystemProfileValueSource] for class [com.woowahan.baeminfresh.BaeminfreshAPIApplicationTests]
15:05:46.725 [Test worker] DEBUG org.springframework.test.context.support.AbstractDirtiesContextTestExecutionListener - Before test class: context [DefaultTestContext@3f51be55 testClass = BaeminfreshAPIApplicationTests, testInstance = [null], testMethod = [null], testException = [null], mergedContextConfiguration = [WebMergedContextConfiguration@20a80552 testClass = BaeminfreshAPIApplicationTests, locations = '{}', classes = '{class com.woowahan.baeminfresh.BaeminfreshAPIApplication}', contextInitializerClasses = '[]', activeProfiles = '{}', propertySourceLocations = '{}', propertySourceProperties = '{org.springframework.boot.test.context.SpringBootTestContextBootstrapper=true}', contextCustomizers = set[org.springframework.boot.test.context.SpringBootTestContextCustomizer@2ef1be3e, org.springframework.boot.test.context.filter.ExcludeFilterContextCustomizer@6b1b8ec2, org.springframework.boot.test.mock.mockito.MockitoContextCustomizer@0, org.springframework.boot.test.autoconfigure.properties.PropertyMappingContextCustomizer@0], resourceBasePath = 'src/main/webapp', contextLoader = 'org.springframework.boot.test.context.SpringBootContextLoader', parent = [null]]], class annotated with @DirtiesContext [false] with mode [null].
15:05:46.725 [Test worker] DEBUG org.springframework.test.annotation.ProfileValueUtils - Retrieved @ProfileValueSourceConfiguration [null] for test class [com.woowahan.baeminfresh.BaeminfreshAPIApplicationTests]
15:05:46.726 [Test worker] DEBUG org.springframework.test.annotation.ProfileValueUtils - Retrieved ProfileValueSource type [class org.springframework.test.annotation.SystemProfileValueSource] for class [com.woowahan.baeminfresh.BaeminfreshAPIApplicationTests]
15:05:46.751 [Test worker] DEBUG org.springframework.core.env.StandardEnvironment - Adding [systemProperties] PropertySource with lowest search precedence
15:05:46.751 [Test worker] DEBUG org.springframework.core.env.StandardEnvironment - Adding [systemEnvironment] PropertySource with lowest search precedence
15:05:46.752 [Test worker] DEBUG org.springframework.core.env.StandardEnvironment - Initialized StandardEnvironment with PropertySources [systemProperties,systemEnvironment]
15:05:46.752 [Test worker] DEBUG org.springframework.test.context.support.TestPropertySourceUtils - Adding inlined properties to environment: {spring.jmx.enabled=false, org.springframework.boot.test.context.SpringBootTestContextBootstrapper=true, server.port=-1}
15:05:46.753 [Test worker] DEBUG org.springframework.core.env.StandardEnvironment - Adding [Inlined Test Properties] PropertySource with highest search precedence
2016-09-13 15:05:47.463 DEBUG 26868 --- [    Test worker] .b.l.ClasspathLoggingApplicationListener : Application started with classpath: [file:/Users/ykpark/.gradle/caches/3.0/workerMain/gradle-worker.jar, file:/Users/ykpark/office/projects/ng-baeminfresh/baeminfresh-api/build/classes/test/, file:/Users/ykpark/office/projects/ng-baeminfresh/baeminfresh-api/build/resources/test, file:/Users/ykpark/office/projects/ng-baeminfresh/baeminfresh-api/build/classes/main/, file:/Users/ykpark/office/projects/ng-baeminfresh/baeminfresh-api/build/resources/main/, file:/Users/ykpark/.gradle/caches/modules-2/files-2.1/org.springframework.boot/spring-boot-starter-web/1.4.0.RELEASE/bcefa854b75a7e0bcf612bfbe030bdcb05c9da82/spring-boot-starter-web-1.4.0.RELEASE.jar, file:/Users/ykpark/.gradle/caches/modules-2/files-2.1/org.springframework.boot/spring-boot-starter-data-jpa/1.4.0.RELEASE/d373fd566589910cdde69ca3b9de79c433eb29dd/spring-boot-starter-data-jpa-1.4.0.RELEASE.jar, file:/Users/ykpark/.gradle/caches/modules-2/files-2.1/org.springframework.security/spring-security-crypto/4.1.1.RELEASE/b3f11688603f33947bc5b89481c98a0c31864dde/spring-security-crypto-4.1.1.RELEASE.jar, file:/Users/ykpark/.gradle/caches/modules-2/files-2.1/org.projectlombok/lombok/1.16.10/7bd6fc5b3fb7a77c710226ffaa785b404b620ba0/lombok-1.16.10.jar, file:/Users/ykpark/.gradle/caches/modules-2/files-2.1/mysql/mysql-connector-java/5.1.38/dbbd7cd309ce167ec8367de4e41c63c2c8593cc5/mysql-connector-java-5.1.38.jar, file:/Users/ykpark/.gradle/caches/modules-2/files-2.1/com.h2database/h2/1.4.192/1106492605db135523d2817881cdf029d9292afa/h2-1.4.192.jar, file:/Users/ykpark/.gradle/caches/modules-2/files-2.1/org.webjars/swagger-ui/2.2.2/65d298708e27d1bec5f622a45d5953bda8de65d8/swagger-ui-2.2.2.jar, file:/Users/ykpark/.gradle/caches/modules-2/files-2.1/org.springframework.boot/spring-boot-starter-test/1.4.0.RELEASE/8960b7357acd9819bc357fe96a9768a9fb010ccf/spring-boot-starter-test-1.4.0.RELEASE.jar, file:/Users/ykpark/.gradle/caches/modules-2/files-2.1/org.springframework.restdocs/spring-restdocs-mockmvc/1.1.1.RELEASE/1dbefd2d7023776f816c6a4ed4850c9f4b8c6c13/spring-restdocs-mockmvc-1.1.1.RELEASE.jar, file:/Users/ykpark/.gradle/caches/modules-2/files-2.1/org.springframework.boot/spring-boot-starter/1.4.0.RELEASE/9eb9be27958cc17de9673a6fbbdaf16fb65a7fdc/spring-boot-starter-1.4.0.RELEASE.jar, file:/Users/ykpark/.gradle/caches/modules-2/files-2.1/org.springframework.boot/spring-boot-starter-tomcat/1.4.0.RELEASE/9f3530cbc1998b9aeebd0a5c070f5d4f24357610/spring-boot-starter-tomcat-1.4.0.RELEASE.jar, file:/Users/ykpark/.gradle/caches/modules-2/files-2.1/org.hibernate/hibernate-validator/5.2.4.Final/fb18766b576aa6632bcfe9a20a023cbd52bf9769/hibernate-validator-5.2.4.Final.jar, file:/Users/ykpark/.gradle/caches/modules-2/files-2.1/com.fasterxml.jackson.core/jackson-databind/2.8.1/c04eb2cc599cd1742889bfa7cc41878db0d152f5/jackson-databind-2.8.1.jar, file:/Users/ykpark/.gradle/caches/modules-2/files-2.1/org.springframework/spring-web/4.3.2.RELEASE/562b3b775b6e8e7113b5d23b21946f939658bd19/spring-web-4.3.2.RELEASE.jar, file:/Users/ykpark/.gradle/caches/modules-2/files-2.1/org.springframework/spring-webmvc/4.3.2.RELEASE/99b68a8aca2ed67ad523e7341a90dd1c90fd669e/spring-webmvc-4.3.2.RELEASE.jar, file:/Users/ykpark/.gradle/caches/modules-2/files-2.1/org.springframework.boot/spring-boot-starter-aop/1.4.0.RELEASE/68109cfdd0e86e301528f3722e28f6c98f0b7d5e/spring-boot-starter-aop-1.4.0.RELEASE.jar, file:/Users/ykpark/.gradle/caches/modules-2/files-2.1/org.springframework.boot/spring-boot-starter-jdbc/1.4.0.RELEASE/46ab1fc323e5e6483ee94c1c17d20b3fadb42fa4/spring-boot-starter-jdbc-1.4.0.RELEASE.jar, file:/Users/ykpark/.gradle/caches/modules-2/files-2.1/org.hibernate/hibernate-core/5.0.9.Final/7e06db0b4365876419daafc9b40c9088ba40f64d/hibernate-core-5.0.9.Final.jar, file:/Users/ykpark/.gradle/caches/modules-2/files-2.1/org.hibernate/hibernate-entitymanager/5.0.9.Final/9eed86e58baf4a3fb9d5156cf03e59051e2bc6c5/hibernate-entitymanager-5.0.9.Final.jar, file:/Users/ykpark/.gradle/caches/modules-2/files-2.1/javax.transaction/javax.transaction-api/1.2/d81aff979d603edd90dcd8db2abc1f4ce6479e3e/javax.transaction-api-1.2.jar, file:/Users/ykpark/.gradle/caches/modules-2/files-2.1/org.springframework.data/spring-data-jpa/1.10.2.RELEASE/b3ead163139cfc19a493b2fd141ab6f7836abfa8/spring-data-jpa-1.10.2.RELEASE.jar, file:/Users/ykpark/.gradle/caches/modules-2/files-2.1/org.springframework/spring-aspects/4.3.2.RELEASE/bdb8ccdfd7e52c6e7b9a187327b1be04e0e2ac1f/spring-aspects-4.3.2.RELEASE.jar, file:/Users/ykpark/.gradle/caches/modules-2/files-2.1/org.springframework.boot/spring-boot-test/1.4.0.RELEASE/2fd44f79ea69c6e2b485d895cbc89e314c6f886c/spring-boot-test-1.4.0.RELEASE.jar, file:/Users/ykpark/.gradle/caches/modules-2/files-2.1/org.springframework.boot/spring-boot-test-autoconfigure/1.4.0.RELEASE/632e93da48afb7a2f4185cdb7b2bd300b7322579/spring-boot-test-autoconfigure-1.4.0.RELEASE.jar, file:/Users/ykpark/.gradle/caches/modules-2/files-2.1/com.jayway.jsonpath/json-path/2.2.0/22290d17944bd239fabf5ac69005a60a7ecbbbcb/json-path-2.2.0.jar, file:/Users/ykpark/.gradle/caches/modules-2/files-2.1/junit/junit/4.12/2973d150c0dc1fefe998f834810d68f278ea58ec/junit-4.12.jar, file:/Users/ykpark/.gradle/caches/modules-2/files-2.1/org.assertj/assertj-core/2.5.0/fcd21db4c5f33e5dcac69bf1816415fe0647582f/assertj-core-2.5.0.jar, file:/Users/ykpark/.gradle/caches/modules-2/files-2.1/org.mockito/mockito-core/1.10.19/e8546f5bef4e061d8dd73895b4e8f40e3fe6effe/mockito-core-1.10.19.jar, file:/Users/ykpark/.gradle/caches/modules-2/files-2.1/org.hamcrest/hamcrest-core/1.3/42a25dc3219429f0e5d060061f71acb49bf010a0/hamcrest-core-1.3.jar, file:/Users/ykpark/.gradle/caches/modules-2/files-2.1/org.hamcrest/hamcrest-library/1.3/4785a3c21320980282f9f33d0d1264a69040538f/hamcrest-library-1.3.jar, file:/Users/ykpark/.gradle/caches/modules-2/files-2.1/org.skyscreamer/jsonassert/1.3.0/d5c250eb122496866de36dc84f98e2945845ecdd/jsonassert-1.3.0.jar, file:/Users/ykpark/.gradle/caches/modules-2/files-2.1/org.springframework/spring-core/4.3.2.RELEASE/fd2f3cf45d3c84f293cb7ee3ab7d24c979495552/spring-core-4.3.2.RELEASE.jar, file:/Users/ykpark/.gradle/caches/modules-2/files-2.1/org.springframework/spring-test/4.3.2.RELEASE/9ed0fa8f5d9596d28f1ea9961177e2a7cb815c79/spring-test-4.3.2.RELEASE.jar, file:/Users/ykpark/.gradle/caches/modules-2/files-2.1/org.springframework.restdocs/spring-restdocs-core/1.1.1.RELEASE/e31c1f116a35744bbfa7513b587318659dcb8cef/spring-restdocs-core-1.1.1.RELEASE.jar, file:/Users/ykpark/.gradle/caches/modules-2/files-2.1/org.springframework.boot/spring-boot/1.4.0.RELEASE/3b4ea475b40eb9dc966fb3c650c97bfabb988f9/spring-boot-1.4.0.RELEASE.jar, file:/Users/ykpark/.gradle/caches/modules-2/files-2.1/org.springframework.boot/spring-boot-autoconfigure/1.4.0.RELEASE/9fa1ac16ac6fd96d7df2c72b55ba9814be082ffc/spring-boot-autoconfigure-1.4.0.RELEASE.jar, file:/Users/ykpark/.gradle/caches/modules-2/files-2.1/org.springframework.boot/spring-boot-starter-logging/1.4.0.RELEASE/53303110c92c921e09e1c9bc8b9bf4c1935c2f12/spring-boot-starter-logging-1.4.0.RELEASE.jar, file:/Users/ykpark/.gradle/caches/modules-2/files-2.1/org.yaml/snakeyaml/1.17/7a27ea250c5130b2922b86dea63cbb1cc10a660c/snakeyaml-1.17.jar, file:/Users/ykpark/.gradle/caches/modules-2/files-2.1/org.apache.tomcat.embed/tomcat-embed-core/8.5.4/48ee085e4b3f71e98535e4c17c0ce1394812a94a/tomcat-embed-core-8.5.4.jar, file:/Users/ykpark/.gradle/caches/modules-2/files-2.1/org.apache.tomcat.embed/tomcat-embed-el/8.5.4/2d53f2e3b6b456cb7ac82e1549a944db7f5b05bf/tomcat-embed-el-8.5.4.jar, file:/Users/ykpark/.gradle/caches/modules-2/files-2.1/org.apache.tomcat.embed/tomcat-embed-websocket/8.5.4/211d26f536aee3283345aa5b1c479e937401fcd2/tomcat-embed-websocket-8.5.4.jar, file:/Users/ykpark/.gradle/caches/modules-2/files-2.1/javax.validation/validation-api/1.1.0.Final/8613ae82954779d518631e05daa73a6a954817d5/validation-api-1.1.0.Final.jar, file:/Users/ykpark/.gradle/caches/modules-2/files-2.1/org.jboss.logging/jboss-logging/3.3.0.Final/3616bb87707910296e2c195dc016287080bba5af/jboss-logging-3.3.0.Final.jar, file:/Users/ykpark/.gradle/caches/modules-2/files-2.1/com.fasterxml/classmate/1.3.1/2ad2fd09dcf5607ca96f8ef432096a96986c40a/classmate-1.3.1.jar, file:/Users/ykpark/.gradle/caches/modules-2/files-2.1/com.fasterxml.jackson.core/jackson-annotations/2.8.1/4465fda9834ab27eac2a76f9a378738d15a9b4fa/jackson-annotations-2.8.1.jar, file:/Users/ykpark/.gradle/caches/modules-2/files-2.1/com.fasterxml.jackson.core/jackson-core/2.8.1/fd13b1c033741d48291315c6370f7d475a42dccf/jackson-core-2.8.1.jar, file:/Users/ykpark/.gradle/caches/modules-2/files-2.1/org.springframework/spring-aop/4.3.2.RELEASE/caef216e995f565dd4ab165ec5918ff44487615d/spring-aop-4.3.2.RELEASE.jar, file:/Users/ykpark/.gradle/caches/modules-2/files-2.1/org.springframework/spring-beans/4.3.2.RELEASE/9e87f48f65a33a017f2dd027911947a28be29f93/spring-beans-4.3.2.RELEASE.jar, file:/Users/ykpark/.gradle/caches/modules-2/files-2.1/org.springframework/spring-context/4.3.2.RELEASE/e52782b824e097c3b1586b497fc6be0e95020770/spring-context-4.3.2.RELEASE.jar, file:/Users/ykpark/.gradle/caches/modules-2/files-2.1/org.springframework/spring-expression/4.3.2.RELEASE/7676acd4dde9d186b7f882edce3131dc62dcb590/spring-expression-4.3.2.RELEASE.jar, file:/Users/ykpark/.gradle/caches/modules-2/files-2.1/org.aspectj/aspectjweaver/1.8.9/db28774f477f07220eac18d5ec9c4e01f48589d7/aspectjweaver-1.8.9.jar, file:/Users/ykpark/.gradle/caches/modules-2/files-2.1/org.apache.tomcat/tomcat-jdbc/8.5.4/bebaa475e69c649dcd9616bd204712cfd8551321/tomcat-jdbc-8.5.4.jar, file:/Users/ykpark/.gradle/caches/modules-2/files-2.1/org.springframework/spring-jdbc/4.3.2.RELEASE/d60bd9daf7d819c72e6a27fad16c4683b2e7df11/spring-jdbc-4.3.2.RELEASE.jar, file:/Users/ykpark/.gradle/caches/modules-2/files-2.1/org.hibernate.javax.persistence/hibernate-jpa-2.1-api/1.0.0.Final/5e731d961297e5a07290bfaf3db1fbc8bbbf405a/hibernate-jpa-2.1-api-1.0.0.Final.jar, file:/Users/ykpark/.gradle/caches/modules-2/files-2.1/org.javassist/javassist/3.20.0-GA/a9cbcdfb7e9f86fbc74d3afae65f2248bfbf82a0/javassist-3.20.0-GA.jar, file:/Users/ykpark/.gradle/caches/modules-2/files-2.1/antlr/antlr/2.7.7/83cd2cd674a217ade95a4bb83a8a14f351f48bd0/antlr-2.7.7.jar, file:/Users/ykpark/.gradle/caches/modules-2/files-2.1/org.jboss/jandex/2.0.0.Final/3e899258936f94649c777193e1be846387ed54b3/jandex-2.0.0.Final.jar, file:/Users/ykpark/.gradle/caches/modules-2/files-2.1/dom4j/dom4j/1.6.1/5d3ccc056b6f056dbf0dddfdf43894b9065a8f94/dom4j-1.6.1.jar, file:/Users/ykpark/.gradle/caches/modules-2/files-2.1/org.hibernate.common/hibernate-commons-annotations/5.0.1.Final/71e1cff3fcb20d3b3af4f3363c3ddb24d33c6879/hibernate-commons-annotations-5.0.1.Final.jar, file:/Users/ykpark/.gradle/caches/modules-2/files-2.1/org.springframework.data/spring-data-commons/1.12.2.RELEASE/636b7ae7389322b029c1757e0104e73c369837a/spring-data-commons-1.12.2.RELEASE.jar, file:/Users/ykpark/.gradle/caches/modules-2/files-2.1/org.springframework/spring-orm/4.3.2.RELEASE/1afea599c72aef7362b469a5b322e3e7e37d0dfc/spring-orm-4.3.2.RELEASE.jar, file:/Users/ykpark/.gradle/caches/modules-2/files-2.1/org.springframework/spring-tx/4.3.2.RELEASE/dd75075485ddebb1f912102527ff91c4bfbae903/spring-tx-4.3.2.RELEASE.jar, file:/Users/ykpark/.gradle/caches/modules-2/files-2.1/org.slf4j/slf4j-api/1.7.21/139535a69a4239db087de9bab0bee568bf8e0b70/slf4j-api-1.7.21.jar, file:/Users/ykpark/.gradle/caches/modules-2/files-2.1/org.slf4j/jcl-over-slf4j/1.7.21/331b564a3a42f002a0004b039c1c430da89062cd/jcl-over-slf4j-1.7.21.jar, file:/Users/ykpark/.gradle/caches/modules-2/files-2.1/net.minidev/json-smart/2.2.1/5b9e5df7a62d1279b70dc882b041d249c4f0b002/json-smart-2.2.1.jar, file:/Users/ykpark/.gradle/caches/modules-2/files-2.1/org.objenesis/objenesis/2.1/87c0ea803b69252868d09308b4618f766f135a96/objenesis-2.1.jar, file:/Users/ykpark/.gradle/caches/modules-2/files-2.1/org.json/json/20140107/d1ffca6e2482b002702c6a576166fd685e3370e3/json-20140107.jar, file:/Users/ykpark/.gradle/caches/modules-2/files-2.1/javax.servlet/javax.servlet-api/3.1.0/3cd63d075497751784b2fa84be59432f4905bf7c/javax.servlet-api-3.1.0.jar, file:/Users/ykpark/.gradle/caches/modules-2/files-2.1/ch.qos.logback/logback-classic/1.1.7/9865cf6994f9ff13fce0bf93f2054ef6c65bb462/logback-classic-1.1.7.jar, file:/Users/ykpark/.gradle/caches/modules-2/files-2.1/org.slf4j/jul-to-slf4j/1.7.21/2f22c882ffa479d1e9ff4eb0e8e2c29f2a0871ed/jul-to-slf4j-1.7.21.jar, file:/Users/ykpark/.gradle/caches/modules-2/files-2.1/org.slf4j/log4j-over-slf4j/1.7.21/b3700d97464d99bdcd42c0177d6e7951c94d75ff/log4j-over-slf4j-1.7.21.jar, file:/Users/ykpark/.gradle/caches/modules-2/files-2.1/org.apache.tomcat/tomcat-juli/8.5.4/d4312ba583aa62f08a0b22beddc816a2da419d4c/tomcat-juli-8.5.4.jar, file:/Users/ykpark/.gradle/caches/modules-2/files-2.1/xml-apis/xml-apis/1.4.01/3789d9fada2d3d458c4ba2de349d48780f381ee3/xml-apis-1.4.01.jar, file:/Users/ykpark/.gradle/caches/modules-2/files-2.1/net.minidev/accessors-smart/1.1/a527213f2fea112a04c9bdf0ec0264e34104cd08/accessors-smart-1.1.jar, file:/Users/ykpark/.gradle/caches/modules-2/files-2.1/ch.qos.logback/logback-core/1.1.7/7873092d39ef741575ca91378a6a21c388363ac8/logback-core-1.1.7.jar, file:/Users/ykpark/.gradle/caches/modules-2/files-2.1/org.ow2.asm/asm/5.0.3/dcc2193db20e19e1feca8b1240dbbc4e190824fa/asm-5.0.3.jar]

  .   ____          _            __ _ _
 /\\ / ___'_ __ _ _(_)_ __  __ _ \ \ \ \
( ( )\___ | '_ | '_| | '_ \/ _` | \ \ \ \
 \\/  ___)| |_)| | | | | || (_| |  ) ) ) )
  '  |____| .__|_| |_|_| |_\__, | / / / /
 =========|_|==============|___/=/_/_/_/
 :: Spring Boot ::        (v1.4.0.RELEASE)

2016-09-13 15:05:47.555  INFO 26868 --- [    Test worker] c.w.b.BaeminfreshAPIApplicationTests     : Starting BaeminfreshAPIApplicationTests on macprong.local with PID 26868 (started by ykpark in /Users/ykpark/office/projects/ng-baeminfresh/baeminfresh-api)
2016-09-13 15:05:47.555 DEBUG 26868 --- [    Test worker] c.w.b.BaeminfreshAPIApplicationTests     : Running with Spring Boot v1.4.0.RELEASE, Spring v4.3.2.RELEASE
2016-09-13 15:05:47.556  INFO 26868 --- [    Test worker] c.w.b.BaeminfreshAPIApplicationTests     : No active profile set, falling back to default profiles: default
2016-09-13 15:05:47.556 DEBUG 26868 --- [    Test worker] o.s.boot.SpringApplication               : Loading source class com.woowahan.baeminfresh.BaeminfreshAPIApplication
2016-09-13 15:05:47.597 DEBUG 26868 --- [    Test worker] o.s.b.c.c.ConfigFileApplicationListener  : Loaded config file 'file:/Users/ykpark/office/projects/ng-baeminfresh/baeminfresh-api/build/resources/main/application.yml' (classpath:/application.yml)
2016-09-13 15:05:47.597 DEBUG 26868 --- [    Test worker] o.s.b.c.c.ConfigFileApplicationListener  : Skipped (empty) config file 'file:/Users/ykpark/office/projects/ng-baeminfresh/baeminfresh-api/build/resources/main/application.yml' (classpath:/application.yml) for profile default
2016-09-13 15:05:47.600  INFO 26868 --- [    Test worker] o.s.w.c.s.GenericWebApplicationContext   : Refreshing org.springframework.web.context.support.GenericWebApplicationContext@72d00e5c: startup date [Tue Sep 13 15:05:47 KST 2016]; root of context hierarchy
2016-09-13 15:05:47.601 DEBUG 26868 --- [    Test worker] o.s.w.c.s.GenericWebApplicationContext   : Bean factory for org.springframework.web.context.support.GenericWebApplicationContext@72d00e5c: org.springframework.beans.factory.support.DefaultListableBeanFactory@38295ac1: defining beans [org.springframework.boot.test.mock.mockito.MockitoPostProcessor$SpyPostProcessor,org.springframework.boot.test.mock.mockito.MockitoPostProcessor,org.springframework.context.annotation.internalConfigurationAnnotationProcessor,org.springframework.context.annotation.internalAutowiredAnnotationProcessor,org.springframework.context.annotation.internalRequiredAnnotationProcessor,org.springframework.context.annotation.internalCommonAnnotationProcessor,org.springframework.context.annotation.internalPersistenceAnnotationProcessor,org.springframework.context.event.internalEventListenerProcessor,org.springframework.context.event.internalEventListenerFactory,baeminfreshAPIApplication]; root of factory hierarchy
2016-09-13 15:05:48.794 DEBUG 26868 --- [    Test worker] o.s.b.a.AutoConfigurationPackages        : @EnableAutoConfiguration was declared on a class in the package 'com.woowahan.sample,com.woowahan.baeminfresh'. Automatic @Repository and @Entity scanning is enabled.
2016-09-13 15:05:49.254  INFO 26868 --- [    Test worker] trationDelegate$BeanPostProcessorChecker : Bean 'org.springframework.transaction.annotation.ProxyTransactionManagementConfiguration' of type [class org.springframework.transaction.annotation.ProxyTransactionManagementConfiguration$$EnhancerBySpringCGLIB$$3fad02f9] is not eligible for getting processed by all BeanPostProcessors (for example: not eligible for auto-proxying)
2016-09-13 15:05:49.487 DEBUG 26868 --- [    Test worker] o.s.w.c.s.GenericWebApplicationContext   : Using MessageSource [org.springframework.context.support.ResourceBundleMessageSource: basenames=[messages]]
2016-09-13 15:05:49.487 DEBUG 26868 --- [    Test worker] o.s.w.c.s.GenericWebApplicationContext   : Unable to locate ApplicationEventMulticaster with name 'applicationEventMulticaster': using default [org.springframework.context.event.SimpleApplicationEventMulticaster@7a9399c]
2016-09-13 15:05:49.951  INFO 26868 --- [    Test worker] j.LocalContainerEntityManagerFactoryBean : Building JPA container EntityManagerFactory for persistence unit 'default'
2016-09-13 15:05:49.975  INFO 26868 --- [    Test worker] o.hibernate.jpa.internal.util.LogHelper  : HHH000204: Processing PersistenceUnitInfo [
	name: default
	...]
2016-09-13 15:05:50.081  INFO 26868 --- [    Test worker] org.hibernate.Version                    : HHH000412: Hibernate Core {5.0.9.Final}
2016-09-13 15:05:50.083  INFO 26868 --- [    Test worker] org.hibernate.cfg.Environment            : HHH000206: hibernate.properties not found
2016-09-13 15:05:50.086  INFO 26868 --- [    Test worker] org.hibernate.cfg.Environment            : HHH000021: Bytecode provider name : javassist
2016-09-13 15:05:50.131  INFO 26868 --- [    Test worker] o.hibernate.annotations.common.Version   : HCANN000001: Hibernate Commons Annotations {5.0.1.Final}
2016-09-13 15:05:50.214 DEBUG 26868 --- [    Test worker] org.hibernate.type.BasicTypeRegistry     : Adding type registration boolean -> org.hibernate.type.BooleanType@6012c3ef
2016-09-13 15:05:50.214 DEBUG 26868 --- [    Test worker] org.hibernate.type.BasicTypeRegistry     : Adding type registration boolean -> org.hibernate.type.BooleanType@6012c3ef
2016-09-13 15:05:50.215 DEBUG 26868 --- [    Test worker] org.hibernate.type.BasicTypeRegistry     : Adding type registration java.lang.Boolean -> org.hibernate.type.BooleanType@6012c3ef
2016-09-13 15:05:50.216 DEBUG 26868 --- [    Test worker] org.hibernate.type.BasicTypeRegistry     : Adding type registration numeric_boolean -> org.hibernate.type.NumericBooleanType@7c6bb86a
2016-09-13 15:05:50.217 DEBUG 26868 --- [    Test worker] org.hibernate.type.BasicTypeRegistry     : Adding type registration true_false -> org.hibernate.type.TrueFalseType@9c93843
2016-09-13 15:05:50.218 DEBUG 26868 --- [    Test worker] org.hibernate.type.BasicTypeRegistry     : Adding type registration yes_no -> org.hibernate.type.YesNoType@45165d11
2016-09-13 15:05:50.220 DEBUG 26868 --- [    Test worker] org.hibernate.type.BasicTypeRegistry     : Adding type registration byte -> org.hibernate.type.ByteType@5661b5da
2016-09-13 15:05:50.220 DEBUG 26868 --- [    Test worker] org.hibernate.type.BasicTypeRegistry     : Adding type registration byte -> org.hibernate.type.ByteType@5661b5da
2016-09-13 15:05:50.220 DEBUG 26868 --- [    Test worker] org.hibernate.type.BasicTypeRegistry     : Adding type registration java.lang.Byte -> org.hibernate.type.ByteType@5661b5da
2016-09-13 15:05:50.222 DEBUG 26868 --- [    Test worker] org.hibernate.type.BasicTypeRegistry     : Adding type registration character -> org.hibernate.type.CharacterType@3d50db62
2016-09-13 15:05:50.222 DEBUG 26868 --- [    Test worker] org.hibernate.type.BasicTypeRegistry     : Adding type registration char -> org.hibernate.type.CharacterType@3d50db62
2016-09-13 15:05:50.223 DEBUG 26868 --- [    Test worker] org.hibernate.type.BasicTypeRegistry     : Adding type registration java.lang.Character -> org.hibernate.type.CharacterType@3d50db62
2016-09-13 15:05:50.225 DEBUG 26868 --- [    Test worker] org.hibernate.type.BasicTypeRegistry     : Adding type registration short -> org.hibernate.type.ShortType@32dd34ce
2016-09-13 15:05:50.225 DEBUG 26868 --- [    Test worker] org.hibernate.type.BasicTypeRegistry     : Adding type registration short -> org.hibernate.type.ShortType@32dd34ce
2016-09-13 15:05:50.225 DEBUG 26868 --- [    Test worker] org.hibernate.type.BasicTypeRegistry     : Adding type registration java.lang.Short -> org.hibernate.type.ShortType@32dd34ce
2016-09-13 15:05:50.227 DEBUG 26868 --- [    Test worker] org.hibernate.type.BasicTypeRegistry     : Adding type registration integer -> org.hibernate.type.IntegerType@574660b8
2016-09-13 15:05:50.227 DEBUG 26868 --- [    Test worker] org.hibernate.type.BasicTypeRegistry     : Adding type registration int -> org.hibernate.type.IntegerType@574660b8
2016-09-13 15:05:50.227 DEBUG 26868 --- [    Test worker] org.hibernate.type.BasicTypeRegistry     : Adding type registration java.lang.Integer -> org.hibernate.type.IntegerType@574660b8
2016-09-13 15:05:50.229 DEBUG 26868 --- [    Test worker] org.hibernate.type.BasicTypeRegistry     : Adding type registration long -> org.hibernate.type.LongType@331b113e
2016-09-13 15:05:50.229 DEBUG 26868 --- [    Test worker] org.hibernate.type.BasicTypeRegistry     : Adding type registration long -> org.hibernate.type.LongType@331b113e
2016-09-13 15:05:50.229 DEBUG 26868 --- [    Test worker] org.hibernate.type.BasicTypeRegistry     : Adding type registration java.lang.Long -> org.hibernate.type.LongType@331b113e
2016-09-13 15:05:50.231 DEBUG 26868 --- [    Test worker] org.hibernate.type.BasicTypeRegistry     : Adding type registration float -> org.hibernate.type.FloatType@1ec77a21
2016-09-13 15:05:50.231 DEBUG 26868 --- [    Test worker] org.hibernate.type.BasicTypeRegistry     : Adding type registration float -> org.hibernate.type.FloatType@1ec77a21
2016-09-13 15:05:50.232 DEBUG 26868 --- [    Test worker] org.hibernate.type.BasicTypeRegistry     : Adding type registration java.lang.Float -> org.hibernate.type.FloatType@1ec77a21
2016-09-13 15:05:50.234 DEBUG 26868 --- [    Test worker] org.hibernate.type.BasicTypeRegistry     : Adding type registration double -> org.hibernate.type.DoubleType@484f48b9
2016-09-13 15:05:50.234 DEBUG 26868 --- [    Test worker] org.hibernate.type.BasicTypeRegistry     : Adding type registration double -> org.hibernate.type.DoubleType@484f48b9
2016-09-13 15:05:50.234 DEBUG 26868 --- [    Test worker] org.hibernate.type.BasicTypeRegistry     : Adding type registration java.lang.Double -> org.hibernate.type.DoubleType@484f48b9
2016-09-13 15:05:50.236 DEBUG 26868 --- [    Test worker] org.hibernate.type.BasicTypeRegistry     : Adding type registration big_decimal -> org.hibernate.type.BigDecimalType@5b6e9b30
2016-09-13 15:05:50.237 DEBUG 26868 --- [    Test worker] org.hibernate.type.BasicTypeRegistry     : Adding type registration java.math.BigDecimal -> org.hibernate.type.BigDecimalType@5b6e9b30
2016-09-13 15:05:50.238 DEBUG 26868 --- [    Test worker] org.hibernate.type.BasicTypeRegistry     : Adding type registration big_integer -> org.hibernate.type.BigIntegerType@3b68152b
2016-09-13 15:05:50.238 DEBUG 26868 --- [    Test worker] org.hibernate.type.BasicTypeRegistry     : Adding type registration java.math.BigInteger -> org.hibernate.type.BigIntegerType@3b68152b
2016-09-13 15:05:50.240 DEBUG 26868 --- [    Test worker] org.hibernate.type.BasicTypeRegistry     : Adding type registration string -> org.hibernate.type.StringType@3dd0d023
2016-09-13 15:05:50.240 DEBUG 26868 --- [    Test worker] org.hibernate.type.BasicTypeRegistry     : Adding type registration java.lang.String -> org.hibernate.type.StringType@3dd0d023
2016-09-13 15:05:50.241 DEBUG 26868 --- [    Test worker] org.hibernate.type.BasicTypeRegistry     : Adding type registration nstring -> org.hibernate.type.StringNVarcharType@2d81048d
2016-09-13 15:05:50.242 DEBUG 26868 --- [    Test worker] org.hibernate.type.BasicTypeRegistry     : Adding type registration ncharacter -> org.hibernate.type.CharacterNCharType@64ae2733
2016-09-13 15:05:50.244 DEBUG 26868 --- [    Test worker] org.hibernate.type.BasicTypeRegistry     : Adding type registration url -> org.hibernate.type.UrlType@3b0964cf
2016-09-13 15:05:50.244 DEBUG 26868 --- [    Test worker] org.hibernate.type.BasicTypeRegistry     : Adding type registration java.net.URL -> org.hibernate.type.UrlType@3b0964cf
2016-09-13 15:05:50.246 DEBUG 26868 --- [    Test worker] org.hibernate.type.BasicTypeRegistry     : Adding type registration date -> org.hibernate.type.DateType@3e0060a1
2016-09-13 15:05:50.247 DEBUG 26868 --- [    Test worker] org.hibernate.type.BasicTypeRegistry     : Adding type registration java.sql.Date -> org.hibernate.type.DateType@3e0060a1
2016-09-13 15:05:50.249 DEBUG 26868 --- [    Test worker] org.hibernate.type.BasicTypeRegistry     : Adding type registration time -> org.hibernate.type.TimeType@5f074ad6
2016-09-13 15:05:50.249 DEBUG 26868 --- [    Test worker] org.hibernate.type.BasicTypeRegistry     : Adding type registration java.sql.Time -> org.hibernate.type.TimeType@5f074ad6
2016-09-13 15:05:50.251 DEBUG 26868 --- [    Test worker] org.hibernate.type.BasicTypeRegistry     : Adding type registration timestamp -> org.hibernate.type.TimestampType@6531dcaf
2016-09-13 15:05:50.251 DEBUG 26868 --- [    Test worker] org.hibernate.type.BasicTypeRegistry     : Adding type registration java.sql.Timestamp -> org.hibernate.type.TimestampType@6531dcaf
2016-09-13 15:05:50.251 DEBUG 26868 --- [    Test worker] org.hibernate.type.BasicTypeRegistry     : Adding type registration java.util.Date -> org.hibernate.type.TimestampType@6531dcaf
2016-09-13 15:05:50.252 DEBUG 26868 --- [    Test worker] org.hibernate.type.BasicTypeRegistry     : Adding type registration dbtimestamp -> org.hibernate.type.DbTimestampType@77e2f0db
2016-09-13 15:05:50.254 DEBUG 26868 --- [    Test worker] org.hibernate.type.BasicTypeRegistry     : Adding type registration calendar -> org.hibernate.type.CalendarType@13758a0a
2016-09-13 15:05:50.254 DEBUG 26868 --- [    Test worker] org.hibernate.type.BasicTypeRegistry     : Adding type registration java.util.Calendar -> org.hibernate.type.CalendarType@13758a0a
2016-09-13 15:05:50.254 DEBUG 26868 --- [    Test worker] org.hibernate.type.BasicTypeRegistry     : Adding type registration java.util.GregorianCalendar -> org.hibernate.type.CalendarType@13758a0a
2016-09-13 15:05:50.255 DEBUG 26868 --- [    Test worker] org.hibernate.type.BasicTypeRegistry     : Adding type registration calendar_date -> org.hibernate.type.CalendarDateType@5157583c
2016-09-13 15:05:50.257 DEBUG 26868 --- [    Test worker] org.hibernate.type.BasicTypeRegistry     : Adding type registration locale -> org.hibernate.type.LocaleType@543142d5
2016-09-13 15:05:50.257 DEBUG 26868 --- [    Test worker] org.hibernate.type.BasicTypeRegistry     : Adding type registration java.util.Locale -> org.hibernate.type.LocaleType@543142d5
2016-09-13 15:05:50.258 DEBUG 26868 --- [    Test worker] org.hibernate.type.BasicTypeRegistry     : Adding type registration currency -> org.hibernate.type.CurrencyType@47ce213e
2016-09-13 15:05:50.259 DEBUG 26868 --- [    Test worker] org.hibernate.type.BasicTypeRegistry     : Adding type registration java.util.Currency -> org.hibernate.type.CurrencyType@47ce213e
2016-09-13 15:05:50.260 DEBUG 26868 --- [    Test worker] org.hibernate.type.BasicTypeRegistry     : Adding type registration timezone -> org.hibernate.type.TimeZoneType@d4e3df4
2016-09-13 15:05:50.260 DEBUG 26868 --- [    Test worker] org.hibernate.type.BasicTypeRegistry     : Adding type registration java.util.TimeZone -> org.hibernate.type.TimeZoneType@d4e3df4
2016-09-13 15:05:50.261 DEBUG 26868 --- [    Test worker] org.hibernate.type.BasicTypeRegistry     : Adding type registration class -> org.hibernate.type.ClassType@42f47f59
2016-09-13 15:05:50.261 DEBUG 26868 --- [    Test worker] org.hibernate.type.BasicTypeRegistry     : Adding type registration java.lang.Class -> org.hibernate.type.ClassType@42f47f59
2016-09-13 15:05:50.263 DEBUG 26868 --- [    Test worker] org.hibernate.type.BasicTypeRegistry     : Adding type registration uuid-binary -> org.hibernate.type.UUIDBinaryType@64ac7f74
2016-09-13 15:05:50.264 DEBUG 26868 --- [    Test worker] org.hibernate.type.BasicTypeRegistry     : Adding type registration java.util.UUID -> org.hibernate.type.UUIDBinaryType@64ac7f74
2016-09-13 15:05:50.264 DEBUG 26868 --- [    Test worker] org.hibernate.type.BasicTypeRegistry     : Adding type registration uuid-char -> org.hibernate.type.UUIDCharType@272875cc
2016-09-13 15:05:50.266 DEBUG 26868 --- [    Test worker] org.hibernate.type.BasicTypeRegistry     : Adding type registration binary -> org.hibernate.type.BinaryType@6f3fc0d6
2016-09-13 15:05:50.266 DEBUG 26868 --- [    Test worker] org.hibernate.type.BasicTypeRegistry     : Adding type registration byte[] -> org.hibernate.type.BinaryType@6f3fc0d6
2016-09-13 15:05:50.266 DEBUG 26868 --- [    Test worker] org.hibernate.type.BasicTypeRegistry     : Adding type registration [B -> org.hibernate.type.BinaryType@6f3fc0d6
2016-09-13 15:05:50.268 DEBUG 26868 --- [    Test worker] org.hibernate.type.BasicTypeRegistry     : Adding type registration wrapper-binary -> org.hibernate.type.WrapperBinaryType@374aa72d
2016-09-13 15:05:50.268 DEBUG 26868 --- [    Test worker] org.hibernate.type.BasicTypeRegistry     : Adding type registration Byte[] -> org.hibernate.type.WrapperBinaryType@374aa72d
2016-09-13 15:05:50.268 DEBUG 26868 --- [    Test worker] org.hibernate.type.BasicTypeRegistry     : Adding type registration [Ljava.lang.Byte; -> org.hibernate.type.WrapperBinaryType@374aa72d
2016-09-13 15:05:50.269 DEBUG 26868 --- [    Test worker] org.hibernate.type.BasicTypeRegistry     : Adding type registration image -> org.hibernate.type.ImageType@69cc4a9a
2016-09-13 15:05:50.270 DEBUG 26868 --- [    Test worker] org.hibernate.type.BasicTypeRegistry     : Adding type registration characters -> org.hibernate.type.CharArrayType@3ab93754
2016-09-13 15:05:50.270 DEBUG 26868 --- [    Test worker] org.hibernate.type.BasicTypeRegistry     : Adding type registration char[] -> org.hibernate.type.CharArrayType@3ab93754
2016-09-13 15:05:50.270 DEBUG 26868 --- [    Test worker] org.hibernate.type.BasicTypeRegistry     : Adding type registration [C -> org.hibernate.type.CharArrayType@3ab93754
2016-09-13 15:05:50.271 DEBUG 26868 --- [    Test worker] org.hibernate.type.BasicTypeRegistry     : Adding type registration wrapper-characters -> org.hibernate.type.CharacterArrayType@4bca3a2b
2016-09-13 15:05:50.272 DEBUG 26868 --- [    Test worker] org.hibernate.type.BasicTypeRegistry     : Adding type registration [Ljava.lang.Character; -> org.hibernate.type.CharacterArrayType@4bca3a2b
2016-09-13 15:05:50.272 DEBUG 26868 --- [    Test worker] org.hibernate.type.BasicTypeRegistry     : Adding type registration Character[] -> org.hibernate.type.CharacterArrayType@4bca3a2b
2016-09-13 15:05:50.273 DEBUG 26868 --- [    Test worker] org.hibernate.type.BasicTypeRegistry     : Adding type registration text -> org.hibernate.type.TextType@2ce4b408
2016-09-13 15:05:50.274 DEBUG 26868 --- [    Test worker] org.hibernate.type.BasicTypeRegistry     : Adding type registration ntext -> org.hibernate.type.NTextType@17f7c311
2016-09-13 15:05:50.278 DEBUG 26868 --- [    Test worker] org.hibernate.type.BasicTypeRegistry     : Adding type registration blob -> org.hibernate.type.BlobType@3384339b
2016-09-13 15:05:50.278 DEBUG 26868 --- [    Test worker] org.hibernate.type.BasicTypeRegistry     : Adding type registration java.sql.Blob -> org.hibernate.type.BlobType@3384339b
2016-09-13 15:05:50.278 DEBUG 26868 --- [    Test worker] org.hibernate.type.BasicTypeRegistry     : Adding type registration materialized_blob -> org.hibernate.type.MaterializedBlobType@b9094a2
2016-09-13 15:05:50.282 DEBUG 26868 --- [    Test worker] org.hibernate.type.BasicTypeRegistry     : Adding type registration clob -> org.hibernate.type.ClobType@7f93b77e
2016-09-13 15:05:50.282 DEBUG 26868 --- [    Test worker] org.hibernate.type.BasicTypeRegistry     : Adding type registration java.sql.Clob -> org.hibernate.type.ClobType@7f93b77e
2016-09-13 15:05:50.286 DEBUG 26868 --- [    Test worker] org.hibernate.type.BasicTypeRegistry     : Adding type registration nclob -> org.hibernate.type.NClobType@5bd12ada
2016-09-13 15:05:50.286 DEBUG 26868 --- [    Test worker] org.hibernate.type.BasicTypeRegistry     : Adding type registration java.sql.NClob -> org.hibernate.type.NClobType@5bd12ada
2016-09-13 15:05:50.287 DEBUG 26868 --- [    Test worker] org.hibernate.type.BasicTypeRegistry     : Adding type registration materialized_clob -> org.hibernate.type.MaterializedClobType@5643640a
2016-09-13 15:05:50.287 DEBUG 26868 --- [    Test worker] org.hibernate.type.BasicTypeRegistry     : Adding type registration materialized_nclob -> org.hibernate.type.MaterializedNClobType@67cfa1d6
2016-09-13 15:05:50.289 DEBUG 26868 --- [    Test worker] org.hibernate.type.BasicTypeRegistry     : Adding type registration serializable -> org.hibernate.type.SerializableType@7c9423c6
2016-09-13 15:05:50.292 DEBUG 26868 --- [    Test worker] org.hibernate.type.BasicTypeRegistry     : Adding type registration object -> org.hibernate.type.ObjectType@42ea9e18
2016-09-13 15:05:50.292 DEBUG 26868 --- [    Test worker] org.hibernate.type.BasicTypeRegistry     : Adding type registration java.lang.Object -> org.hibernate.type.ObjectType@42ea9e18
2016-09-13 15:05:50.293 DEBUG 26868 --- [    Test worker] org.hibernate.type.BasicTypeRegistry     : Adding type registration imm_date -> org.hibernate.type.AdaptedImmutableType@403557f1
2016-09-13 15:05:50.293 DEBUG 26868 --- [    Test worker] org.hibernate.type.BasicTypeRegistry     : Adding type registration imm_time -> org.hibernate.type.AdaptedImmutableType@56b91bb1
2016-09-13 15:05:50.293 DEBUG 26868 --- [    Test worker] org.hibernate.type.BasicTypeRegistry     : Adding type registration imm_timestamp -> org.hibernate.type.AdaptedImmutableType@16d92af
2016-09-13 15:05:50.293 DEBUG 26868 --- [    Test worker] org.hibernate.type.BasicTypeRegistry     : Adding type registration imm_dbtimestamp -> org.hibernate.type.AdaptedImmutableType@2341d074
2016-09-13 15:05:50.293 DEBUG 26868 --- [    Test worker] org.hibernate.type.BasicTypeRegistry     : Adding type registration imm_calendar -> org.hibernate.type.AdaptedImmutableType@49218132
2016-09-13 15:05:50.293 DEBUG 26868 --- [    Test worker] org.hibernate.type.BasicTypeRegistry     : Adding type registration imm_calendar_date -> org.hibernate.type.AdaptedImmutableType@575b6f34
2016-09-13 15:05:50.293 DEBUG 26868 --- [    Test worker] org.hibernate.type.BasicTypeRegistry     : Adding type registration imm_binary -> org.hibernate.type.AdaptedImmutableType@3a4e679a
2016-09-13 15:05:50.294 DEBUG 26868 --- [    Test worker] org.hibernate.type.BasicTypeRegistry     : Adding type registration imm_serializable -> org.hibernate.type.AdaptedImmutableType@17a1d2d7
2016-09-13 15:05:50.320  INFO 26868 --- [    Test worker] org.hibernate.dialect.Dialect            : HHH000400: Using dialect: org.hibernate.dialect.MySQL5InnoDBDialect
2016-09-13 15:05:50.789 TRACE 26868 --- [    Test worker] org.hibernate.type.TypeFactory           : Scoping types to session factory org.hibernate.internal.SessionFactoryImpl@7642646e
2016-09-13 15:05:51.024  INFO 26868 --- [    Test worker] org.hibernate.tool.hbm2ddl.SchemaExport  : HHH000227: Running hbm2ddl schema export
2016-09-13 15:05:51.026 DEBUG 26868 --- [    Test worker] org.hibernate.SQL                        : 
    alter table post 
        drop 
        foreign key FKg8ln3nj8tjclai0nuvpw5s5uw
2016-09-13 15:05:51.027 ERROR 26868 --- [    Test worker] org.hibernate.tool.hbm2ddl.SchemaExport  : HHH000389: Unsuccessful: alter table post drop foreign key FKg8ln3nj8tjclai0nuvpw5s5uw
2016-09-13 15:05:51.027 ERROR 26868 --- [    Test worker] org.hibernate.tool.hbm2ddl.SchemaExport  : Table "POST" not found; SQL statement:

    alter table post 
        drop 
        foreign key FKg8ln3nj8tjclai0nuvpw5s5uw [42102-192]
2016-09-13 15:05:51.028 DEBUG 26868 --- [    Test worker] org.hibernate.SQL                        : 
    alter table topic 
        drop 
        foreign key FK8n7r9utm8sjpdfstb4wcqd7qj
2016-09-13 15:05:51.029 ERROR 26868 --- [    Test worker] org.hibernate.tool.hbm2ddl.SchemaExport  : HHH000389: Unsuccessful: alter table topic drop foreign key FK8n7r9utm8sjpdfstb4wcqd7qj
2016-09-13 15:05:51.029 ERROR 26868 --- [    Test worker] org.hibernate.tool.hbm2ddl.SchemaExport  : Table "TOPIC" not found; SQL statement:

    alter table topic 
        drop 
        foreign key FK8n7r9utm8sjpdfstb4wcqd7qj [42102-192]
2016-09-13 15:05:51.029 DEBUG 26868 --- [    Test worker] org.hibernate.SQL                        : 
    drop table if exists category
2016-09-13 15:05:51.030 DEBUG 26868 --- [    Test worker] org.hibernate.SQL                        : 
    drop table if exists post
2016-09-13 15:05:51.030 DEBUG 26868 --- [    Test worker] org.hibernate.SQL                        : 
    drop table if exists topic
2016-09-13 15:05:51.030 DEBUG 26868 --- [    Test worker] org.hibernate.SQL                        : 
    create table category (
        id bigint not null auto_increment,
        created_at datetime,
        name varchar(255),
        updated_at datetime,
        primary key (id)
    ) ENGINE=InnoDB
2016-09-13 15:05:51.040 DEBUG 26868 --- [    Test worker] org.hibernate.SQL                        : 
    create table post (
        id bigint not null auto_increment,
        author varchar(255),
        created_at datetime,
        password varchar(255),
        text varchar(255),
        updated_at datetime,
        topic_id bigint not null,
        primary key (id)
    ) ENGINE=InnoDB
2016-09-13 15:05:51.042 DEBUG 26868 --- [    Test worker] org.hibernate.SQL                        : 
    create table topic (
        id bigint not null auto_increment,
        author varchar(255),
        created_at datetime,
        password varchar(255),
        title varchar(255),
        updated_at datetime,
        category_id bigint not null,
        primary key (id)
    ) ENGINE=InnoDB
2016-09-13 15:05:51.045 DEBUG 26868 --- [    Test worker] org.hibernate.SQL                        : 
    alter table post 
        add constraint FKg8ln3nj8tjclai0nuvpw5s5uw 
        foreign key (topic_id) 
        references topic (id)
2016-09-13 15:05:51.056 DEBUG 26868 --- [    Test worker] org.hibernate.SQL                        : 
    alter table topic 
        add constraint FK8n7r9utm8sjpdfstb4wcqd7qj 
        foreign key (category_id) 
        references category (id)
2016-09-13 15:05:51.061  INFO 26868 --- [    Test worker] org.hibernate.tool.hbm2ddl.SchemaExport  : HHH000230: Schema export complete
2016-09-13 15:05:51.105  INFO 26868 --- [    Test worker] j.LocalContainerEntityManagerFactoryBean : Initialized JPA EntityManagerFactory for persistence unit 'default'
2016-09-13 15:05:51.436  INFO 26868 --- [    Test worker] o.s.jdbc.datasource.init.ScriptUtils     : Executing SQL script from URL [file:/Users/ykpark/office/projects/ng-baeminfresh/baeminfresh-api/build/resources/main/data.sql]
2016-09-13 15:05:51.446  INFO 26868 --- [    Test worker] o.s.jdbc.datasource.init.ScriptUtils     : Executed SQL script from URL [file:/Users/ykpark/office/projects/ng-baeminfresh/baeminfresh-api/build/resources/main/data.sql] in 10 ms.
2016-09-13 15:05:52.174  INFO 26868 --- [    Test worker] s.w.s.m.m.a.RequestMappingHandlerAdapter : Looking for @ControllerAdvice: org.springframework.web.context.support.GenericWebApplicationContext@72d00e5c: startup date [Tue Sep 13 15:05:47 KST 2016]; root of context hierarchy
2016-09-13 15:05:52.243 DEBUG 26868 --- [    Test worker] s.w.s.m.m.a.RequestMappingHandlerMapping : Looking for request mappings in application context: org.springframework.web.context.support.GenericWebApplicationContext@72d00e5c: startup date [Tue Sep 13 15:05:47 KST 2016]; root of context hierarchy
2016-09-13 15:05:52.253 DEBUG 26868 --- [    Test worker] s.w.s.m.m.a.RequestMappingHandlerMapping : 1 request handler methods found on class com.woowahan.baeminfresh.api.support.GlobalErrorMessageRestController: {public org.springframework.http.ResponseEntity com.woowahan.baeminfresh.api.support.GlobalErrorMessageRestController.error(javax.servlet.http.HttpServletRequest,java.util.Locale)={[/error]}}
2016-09-13 15:05:52.254  INFO 26868 --- [    Test worker] s.w.s.m.m.a.RequestMappingHandlerMapping : Mapped "{[/error]}" onto public org.springframework.http.ResponseEntity<com.woowahan.baeminfresh.api.support.ErrorMessage> com.woowahan.baeminfresh.api.support.GlobalErrorMessageRestController.error(javax.servlet.http.HttpServletRequest,java.util.Locale)
2016-09-13 15:05:52.263 DEBUG 26868 --- [    Test worker] s.w.s.m.m.a.RequestMappingHandlerMapping : 6 request handler methods found on class com.woowahan.sample.api.ForumRestController: {public java.util.List com.woowahan.sample.api.ForumRestController.topics(java.lang.Long)={[/sample/forum/categories/{categoryId}/topics],methods=[GET]}, public java.util.List com.woowahan.sample.api.ForumRestController.posts(java.lang.Long,java.lang.Long)={[/sample/forum/categories/{categoryId}/topics/{topicId}/posts],methods=[GET]}, public java.util.List com.woowahan.sample.api.ForumRestController.categories()={[/sample/forum/categories],methods=[GET]}, public void com.woowahan.sample.api.ForumRestController.writeTopic(java.lang.Long,com.woowahan.sample.modules.forum.components.ForumService$TopicForm,org.springframework.validation.BindingResult) throws org.springframework.validation.BindException={[/sample/forum/categories/{categoryId}/topics],methods=[POST],consumes=[application/json]}, public void com.woowahan.sample.api.ForumRestController.editTopic(java.lang.Long,java.lang.Long,com.woowahan.sample.modules.forum.components.ForumService$TopicForm,org.springframework.validation.BindingResult) throws org.springframework.validation.BindException={[/sample/forum/categories/{categoryId}/topics/{topicId}],methods=[PUT],consumes=[application/json]}, public void com.woowahan.sample.api.ForumRestController.removeTopic(java.lang.Long,java.lang.Long,com.woowahan.sample.api.ForumRestController$TopicRemoveCommand)={[/sample/forum/categories/{categoryId}/topics/{topicId}],methods=[DELETE],consumes=[application/json]}}
2016-09-13 15:05:52.263  INFO 26868 --- [    Test worker] s.w.s.m.m.a.RequestMappingHandlerMapping : Mapped "{[/sample/forum/categories/{categoryId}/topics],methods=[GET]}" onto public java.util.List<com.woowahan.sample.api.ForumRestController$TopicData> com.woowahan.sample.api.ForumRestController.topics(java.lang.Long)
2016-09-13 15:05:52.264  INFO 26868 --- [    Test worker] s.w.s.m.m.a.RequestMappingHandlerMapping : Mapped "{[/sample/forum/categories/{categoryId}/topics/{topicId}/posts],methods=[GET]}" onto public java.util.List<com.woowahan.sample.api.ForumRestController$PostData> com.woowahan.sample.api.ForumRestController.posts(java.lang.Long,java.lang.Long)
2016-09-13 15:05:52.265  INFO 26868 --- [    Test worker] s.w.s.m.m.a.RequestMappingHandlerMapping : Mapped "{[/sample/forum/categories],methods=[GET]}" onto public java.util.List<com.woowahan.sample.modules.forum.Category> com.woowahan.sample.api.ForumRestController.categories()
2016-09-13 15:05:52.265  INFO 26868 --- [    Test worker] s.w.s.m.m.a.RequestMappingHandlerMapping : Mapped "{[/sample/forum/categories/{categoryId}/topics],methods=[POST],consumes=[application/json]}" onto public void com.woowahan.sample.api.ForumRestController.writeTopic(java.lang.Long,com.woowahan.sample.modules.forum.components.ForumService$TopicForm,org.springframework.validation.BindingResult) throws org.springframework.validation.BindException
2016-09-13 15:05:52.265  INFO 26868 --- [    Test worker] s.w.s.m.m.a.RequestMappingHandlerMapping : Mapped "{[/sample/forum/categories/{categoryId}/topics/{topicId}],methods=[PUT],consumes=[application/json]}" onto public void com.woowahan.sample.api.ForumRestController.editTopic(java.lang.Long,java.lang.Long,com.woowahan.sample.modules.forum.components.ForumService$TopicForm,org.springframework.validation.BindingResult) throws org.springframework.validation.BindException
2016-09-13 15:05:52.266  INFO 26868 --- [    Test worker] s.w.s.m.m.a.RequestMappingHandlerMapping : Mapped "{[/sample/forum/categories/{categoryId}/topics/{topicId}],methods=[DELETE],consumes=[application/json]}" onto public void com.woowahan.sample.api.ForumRestController.removeTopic(java.lang.Long,java.lang.Long,com.woowahan.sample.api.ForumRestController$TopicRemoveCommand)
2016-09-13 15:05:52.297 DEBUG 26868 --- [    Test worker] o.s.w.s.h.BeanNameUrlHandlerMapping      : Looking for URL mappings in application context: org.springframework.web.context.support.GenericWebApplicationContext@72d00e5c: startup date [Tue Sep 13 15:05:47 KST 2016]; root of context hierarchy
2016-09-13 15:05:52.298 DEBUG 26868 --- [    Test worker] o.s.w.s.h.BeanNameUrlHandlerMapping      : Rejected bean name 'org.springframework.boot.test.mock.mockito.MockitoPostProcessor$SpyPostProcessor': no URL paths identified
2016-09-13 15:05:52.298 DEBUG 26868 --- [    Test worker] o.s.w.s.h.BeanNameUrlHandlerMapping      : Rejected bean name 'org.springframework.boot.test.mock.mockito.MockitoPostProcessor': no URL paths identified
2016-09-13 15:05:52.298 DEBUG 26868 --- [    Test worker] o.s.w.s.h.BeanNameUrlHandlerMapping      : Rejected bean name 'org.springframework.context.annotation.internalConfigurationAnnotationProcessor': no URL paths identified
2016-09-13 15:05:52.298 DEBUG 26868 --- [    Test worker] o.s.w.s.h.BeanNameUrlHandlerMapping      : Rejected bean name 'org.springframework.context.annotation.internalAutowiredAnnotationProcessor': no URL paths identified
2016-09-13 15:05:52.298 DEBUG 26868 --- [    Test worker] o.s.w.s.h.BeanNameUrlHandlerMapping      : Rejected bean name 'org.springframework.context.annotation.internalRequiredAnnotationProcessor': no URL paths identified
2016-09-13 15:05:52.298 DEBUG 26868 --- [    Test worker] o.s.w.s.h.BeanNameUrlHandlerMapping      : Rejected bean name 'org.springframework.context.annotation.internalCommonAnnotationProcessor': no URL paths identified
2016-09-13 15:05:52.299 DEBUG 26868 --- [    Test worker] o.s.w.s.h.BeanNameUrlHandlerMapping      : Rejected bean name 'org.springframework.context.annotation.internalPersistenceAnnotationProcessor': no URL paths identified
2016-09-13 15:05:52.299 DEBUG 26868 --- [    Test worker] o.s.w.s.h.BeanNameUrlHandlerMapping      : Rejected bean name 'org.springframework.context.event.internalEventListenerProcessor': no URL paths identified
2016-09-13 15:05:52.299 DEBUG 26868 --- [    Test worker] o.s.w.s.h.BeanNameUrlHandlerMapping      : Rejected bean name 'org.springframework.context.event.internalEventListenerFactory': no URL paths identified
2016-09-13 15:05:52.299 DEBUG 26868 --- [    Test worker] o.s.w.s.h.BeanNameUrlHandlerMapping      : Rejected bean name 'baeminfreshAPIApplication': no URL paths identified
2016-09-13 15:05:52.299 DEBUG 26868 --- [    Test worker] o.s.w.s.h.BeanNameUrlHandlerMapping      : Rejected bean name 'org.springframework.boot.autoconfigure.internalCachingMetadataReaderFactory': no URL paths identified
2016-09-13 15:05:52.299 DEBUG 26868 --- [    Test worker] o.s.w.s.h.BeanNameUrlHandlerMapping      : Rejected bean name 'org.springframework.context.annotation.ConfigurationClassPostProcessor.importAwareProcessor': no URL paths identified
2016-09-13 15:05:52.299 DEBUG 26868 --- [    Test worker] o.s.w.s.h.BeanNameUrlHandlerMapping      : Rejected bean name 'org.springframework.context.annotation.ConfigurationClassPostProcessor.enhancedConfigurationProcessor': no URL paths identified
2016-09-13 15:05:52.299 DEBUG 26868 --- [    Test worker] o.s.w.s.h.BeanNameUrlHandlerMapping      : Rejected bean name 'webConfig': no URL paths identified
2016-09-13 15:05:52.299 DEBUG 26868 --- [    Test worker] o.s.w.s.h.BeanNameUrlHandlerMapping      : Rejected bean name 'globalErrorMessageRestController': no URL paths identified
2016-09-13 15:05:52.300 DEBUG 26868 --- [    Test worker] o.s.w.s.h.BeanNameUrlHandlerMapping      : Rejected bean name 'forumRestController': no URL paths identified
2016-09-13 15:05:52.300 DEBUG 26868 --- [    Test worker] o.s.w.s.h.BeanNameUrlHandlerMapping      : Rejected bean name 'forumConfig': no URL paths identified
2016-09-13 15:05:52.300 DEBUG 26868 --- [    Test worker] o.s.w.s.h.BeanNameUrlHandlerMapping      : Rejected bean name 'sampleForumService': no URL paths identified
2016-09-13 15:05:52.300 DEBUG 26868 --- [    Test worker] o.s.w.s.h.BeanNameUrlHandlerMapping      : Rejected bean name 'com.woowahan.swagger.Swagger': no URL paths identified
2016-09-13 15:05:52.300 DEBUG 26868 --- [    Test worker] o.s.w.s.h.BeanNameUrlHandlerMapping      : Rejected bean name 'swagger': no URL paths identified
2016-09-13 15:05:52.300 DEBUG 26868 --- [    Test worker] o.s.w.s.h.BeanNameUrlHandlerMapping      : Rejected bean name 'forumPasswordEncoder': no URL paths identified
2016-09-13 15:05:52.300 DEBUG 26868 --- [    Test worker] o.s.w.s.h.BeanNameUrlHandlerMapping      : Rejected bean name 'passwordHelper': no URL paths identified
2016-09-13 15:05:52.300 DEBUG 26868 --- [    Test worker] o.s.w.s.h.BeanNameUrlHandlerMapping      : Rejected bean name 'com.woowahan.sample.SampleSystemConfig': no URL paths identified
2016-09-13 15:05:52.301 DEBUG 26868 --- [    Test worker] o.s.w.s.h.BeanNameUrlHandlerMapping      : Rejected bean name 'org.springframework.boot.autoconfigure.AutoConfigurationPackages': no URL paths identified
2016-09-13 15:05:52.301 DEBUG 26868 --- [    Test worker] o.s.w.s.h.BeanNameUrlHandlerMapping      : Rejected bean name 'errorProperties': no URL paths identified
2016-09-13 15:05:52.301 DEBUG 26868 --- [    Test worker] o.s.w.s.h.BeanNameUrlHandlerMapping      : Rejected bean name 'validatorFactoryBean': no URL paths identified
2016-09-13 15:05:52.301 DEBUG 26868 --- [    Test worker] o.s.w.s.h.BeanNameUrlHandlerMapping      : Rejected bean name 'org.springframework.boot.autoconfigure.condition.BeanTypeRegistry': no URL paths identified
2016-09-13 15:05:52.301 DEBUG 26868 --- [    Test worker] o.s.w.s.h.BeanNameUrlHandlerMapping      : Rejected bean name 'org.springframework.boot.autoconfigure.MessageSourceAutoConfiguration': no URL paths identified
2016-09-13 15:05:52.301 DEBUG 26868 --- [    Test worker] o.s.w.s.h.BeanNameUrlHandlerMapping      : Rejected bean name 'messageSource': no URL paths identified
2016-09-13 15:05:52.301 DEBUG 26868 --- [    Test worker] o.s.w.s.h.BeanNameUrlHandlerMapping      : Rejected bean name 'org.springframework.boot.context.properties.ConfigurationPropertiesBindingPostProcessor': no URL paths identified
2016-09-13 15:05:52.301 DEBUG 26868 --- [    Test worker] o.s.w.s.h.BeanNameUrlHandlerMapping      : Rejected bean name 'org.springframework.boot.context.properties.ConfigurationPropertiesBindingPostProcessor.store': no URL paths identified
2016-09-13 15:05:52.301 DEBUG 26868 --- [    Test worker] o.s.w.s.h.BeanNameUrlHandlerMapping      : Rejected bean name 'org.springframework.boot.autoconfigure.PropertyPlaceholderAutoConfiguration': no URL paths identified
2016-09-13 15:05:52.302 DEBUG 26868 --- [    Test worker] o.s.w.s.h.BeanNameUrlHandlerMapping      : Rejected bean name 'propertySourcesPlaceholderConfigurer': no URL paths identified
2016-09-13 15:05:52.302 DEBUG 26868 --- [    Test worker] o.s.w.s.h.BeanNameUrlHandlerMapping      : Rejected bean name 'org.springframework.boot.autoconfigure.jackson.JacksonAutoConfiguration$Jackson2ObjectMapperBuilderCustomizerConfiguration': no URL paths identified
2016-09-13 15:05:52.302 DEBUG 26868 --- [    Test worker] o.s.w.s.h.BeanNameUrlHandlerMapping      : Rejected bean name 'standardJacksonObjectMapperBuilderCustomizer': no URL paths identified
2016-09-13 15:05:52.302 DEBUG 26868 --- [    Test worker] o.s.w.s.h.BeanNameUrlHandlerMapping      : Rejected bean name 'spring.jackson-org.springframework.boot.autoconfigure.jackson.JacksonProperties': no URL paths identified
2016-09-13 15:05:52.302 DEBUG 26868 --- [    Test worker] o.s.w.s.h.BeanNameUrlHandlerMapping      : Rejected bean name 'org.springframework.boot.autoconfigure.jackson.JacksonAutoConfiguration$JacksonObjectMapperBuilderConfiguration': no URL paths identified
2016-09-13 15:05:52.302 DEBUG 26868 --- [    Test worker] o.s.w.s.h.BeanNameUrlHandlerMapping      : Rejected bean name 'jacksonObjectMapperBuilder': no URL paths identified
2016-09-13 15:05:52.302 DEBUG 26868 --- [    Test worker] o.s.w.s.h.BeanNameUrlHandlerMapping      : Rejected bean name 'org.springframework.boot.autoconfigure.jackson.JacksonAutoConfiguration$JacksonObjectMapperConfiguration': no URL paths identified
2016-09-13 15:05:52.303 DEBUG 26868 --- [    Test worker] o.s.w.s.h.BeanNameUrlHandlerMapping      : Rejected bean name 'jacksonObjectMapper': no URL paths identified
2016-09-13 15:05:52.303 DEBUG 26868 --- [    Test worker] o.s.w.s.h.BeanNameUrlHandlerMapping      : Rejected bean name 'org.springframework.boot.autoconfigure.jackson.JacksonAutoConfiguration': no URL paths identified
2016-09-13 15:05:52.303 DEBUG 26868 --- [    Test worker] o.s.w.s.h.BeanNameUrlHandlerMapping      : Rejected bean name 'jsonComponentModule': no URL paths identified
2016-09-13 15:05:52.303 DEBUG 26868 --- [    Test worker] o.s.w.s.h.BeanNameUrlHandlerMapping      : Rejected bean name 'org.springframework.boot.autoconfigure.websocket.WebSocketAutoConfiguration$TomcatWebSocketConfiguration': no URL paths identified
2016-09-13 15:05:52.303 DEBUG 26868 --- [    Test worker] o.s.w.s.h.BeanNameUrlHandlerMapping      : Rejected bean name 'websocketContainerCustomizer': no URL paths identified
2016-09-13 15:05:52.303 DEBUG 26868 --- [    Test worker] o.s.w.s.h.BeanNameUrlHandlerMapping      : Rejected bean name 'org.springframework.boot.autoconfigure.websocket.WebSocketAutoConfiguration': no URL paths identified
2016-09-13 15:05:52.303 DEBUG 26868 --- [    Test worker] o.s.w.s.h.BeanNameUrlHandlerMapping      : Rejected bean name 'org.springframework.boot.autoconfigure.web.EmbeddedServletContainerAutoConfiguration$EmbeddedTomcat': no URL paths identified
2016-09-13 15:05:52.303 DEBUG 26868 --- [    Test worker] o.s.w.s.h.BeanNameUrlHandlerMapping      : Rejected bean name 'tomcatEmbeddedServletContainerFactory': no URL paths identified
2016-09-13 15:05:52.304 DEBUG 26868 --- [    Test worker] o.s.w.s.h.BeanNameUrlHandlerMapping      : Rejected bean name 'org.springframework.boot.autoconfigure.web.EmbeddedServletContainerAutoConfiguration': no URL paths identified
2016-09-13 15:05:52.304 DEBUG 26868 --- [    Test worker] o.s.w.s.h.BeanNameUrlHandlerMapping      : Rejected bean name 'embeddedServletContainerCustomizerBeanPostProcessor': no URL paths identified
2016-09-13 15:05:52.304 DEBUG 26868 --- [    Test worker] o.s.w.s.h.BeanNameUrlHandlerMapping      : Rejected bean name 'errorPageRegistrarBeanPostProcessor': no URL paths identified
2016-09-13 15:05:52.304 DEBUG 26868 --- [    Test worker] o.s.w.s.h.BeanNameUrlHandlerMapping      : Rejected bean name 'org.springframework.boot.autoconfigure.web.DispatcherServletAutoConfiguration$DispatcherServletConfiguration': no URL paths identified
2016-09-13 15:05:52.304 DEBUG 26868 --- [    Test worker] o.s.w.s.h.BeanNameUrlHandlerMapping      : Rejected bean name 'dispatcherServlet': no URL paths identified
2016-09-13 15:05:52.304 DEBUG 26868 --- [    Test worker] o.s.w.s.h.BeanNameUrlHandlerMapping      : Rejected bean name 'spring.mvc-org.springframework.boot.autoconfigure.web.WebMvcProperties': no URL paths identified
2016-09-13 15:05:52.304 DEBUG 26868 --- [    Test worker] o.s.w.s.h.BeanNameUrlHandlerMapping      : Rejected bean name 'org.springframework.boot.autoconfigure.web.DispatcherServletAutoConfiguration$DispatcherServletRegistrationConfiguration': no URL paths identified
2016-09-13 15:05:52.304 DEBUG 26868 --- [    Test worker] o.s.w.s.h.BeanNameUrlHandlerMapping      : Rejected bean name 'dispatcherServletRegistration': no URL paths identified
2016-09-13 15:05:52.305 DEBUG 26868 --- [    Test worker] o.s.w.s.h.BeanNameUrlHandlerMapping      : Rejected bean name 'org.springframework.boot.autoconfigure.web.DispatcherServletAutoConfiguration': no URL paths identified
2016-09-13 15:05:52.305 DEBUG 26868 --- [    Test worker] o.s.w.s.h.BeanNameUrlHandlerMapping      : Rejected bean name 'org.springframework.boot.autoconfigure.web.ErrorMvcAutoConfiguration$WhitelabelErrorViewConfiguration': no URL paths identified
2016-09-13 15:05:52.305 DEBUG 26868 --- [    Test worker] o.s.w.s.h.BeanNameUrlHandlerMapping      : Rejected bean name 'error': no URL paths identified
2016-09-13 15:05:52.305 DEBUG 26868 --- [    Test worker] o.s.w.s.h.BeanNameUrlHandlerMapping      : Rejected bean name 'beanNameViewResolver': no URL paths identified
2016-09-13 15:05:52.306 DEBUG 26868 --- [    Test worker] o.s.w.s.h.BeanNameUrlHandlerMapping      : Rejected bean name 'org.springframework.boot.autoconfigure.web.ErrorMvcAutoConfiguration': no URL paths identified
2016-09-13 15:05:52.306 DEBUG 26868 --- [    Test worker] o.s.w.s.h.BeanNameUrlHandlerMapping      : Rejected bean name 'errorAttributes': no URL paths identified
2016-09-13 15:05:52.306 DEBUG 26868 --- [    Test worker] o.s.w.s.h.BeanNameUrlHandlerMapping      : Rejected bean name 'errorPageCustomizer': no URL paths identified
2016-09-13 15:05:52.306 DEBUG 26868 --- [    Test worker] o.s.w.s.h.BeanNameUrlHandlerMapping      : Rejected bean name 'conventionErrorViewResolver': no URL paths identified
2016-09-13 15:05:52.307 DEBUG 26868 --- [    Test worker] o.s.w.s.h.BeanNameUrlHandlerMapping      : Rejected bean name 'preserveErrorControllerTargetClassPostProcessor': no URL paths identified
2016-09-13 15:05:52.307 DEBUG 26868 --- [    Test worker] o.s.w.s.h.BeanNameUrlHandlerMapping      : Rejected bean name 'spring.resources-org.springframework.boot.autoconfigure.web.ResourceProperties': no URL paths identified
2016-09-13 15:05:52.307 DEBUG 26868 --- [    Test worker] o.s.w.s.h.BeanNameUrlHandlerMapping      : Rejected bean name 'org.springframework.boot.autoconfigure.web.WebMvcAutoConfiguration$EnableWebMvcConfiguration': no URL paths identified
2016-09-13 15:05:52.307 DEBUG 26868 --- [    Test worker] o.s.w.s.h.BeanNameUrlHandlerMapping      : Rejected bean name 'requestMappingHandlerAdapter': no URL paths identified
2016-09-13 15:05:52.308 DEBUG 26868 --- [    Test worker] o.s.w.s.h.BeanNameUrlHandlerMapping      : Rejected bean name 'requestMappingHandlerMapping': no URL paths identified
2016-09-13 15:05:52.308 DEBUG 26868 --- [    Test worker] o.s.w.s.h.BeanNameUrlHandlerMapping      : Rejected bean name 'mvcContentNegotiationManager': no URL paths identified
2016-09-13 15:05:52.308 DEBUG 26868 --- [    Test worker] o.s.w.s.h.BeanNameUrlHandlerMapping      : Rejected bean name 'viewControllerHandlerMapping': no URL paths identified
2016-09-13 15:05:52.308 DEBUG 26868 --- [    Test worker] o.s.w.s.h.BeanNameUrlHandlerMapping      : Rejected bean name 'beanNameHandlerMapping': no URL paths identified
2016-09-13 15:05:52.309 DEBUG 26868 --- [    Test worker] o.s.w.s.h.BeanNameUrlHandlerMapping      : Rejected bean name 'resourceHandlerMapping': no URL paths identified
2016-09-13 15:05:52.309 DEBUG 26868 --- [    Test worker] o.s.w.s.h.BeanNameUrlHandlerMapping      : Rejected bean name 'mvcResourceUrlProvider': no URL paths identified
2016-09-13 15:05:52.309 DEBUG 26868 --- [    Test worker] o.s.w.s.h.BeanNameUrlHandlerMapping      : Rejected bean name 'defaultServletHandlerMapping': no URL paths identified
2016-09-13 15:05:52.309 DEBUG 26868 --- [    Test worker] o.s.w.s.h.BeanNameUrlHandlerMapping      : Rejected bean name 'mvcConversionService': no URL paths identified
2016-09-13 15:05:52.309 DEBUG 26868 --- [    Test worker] o.s.w.s.h.BeanNameUrlHandlerMapping      : Rejected bean name 'mvcValidator': no URL paths identified
2016-09-13 15:05:52.309 DEBUG 26868 --- [    Test worker] o.s.w.s.h.BeanNameUrlHandlerMapping      : Rejected bean name 'mvcPathMatcher': no URL paths identified
2016-09-13 15:05:52.310 DEBUG 26868 --- [    Test worker] o.s.w.s.h.BeanNameUrlHandlerMapping      : Rejected bean name 'mvcUrlPathHelper': no URL paths identified
2016-09-13 15:05:52.310 DEBUG 26868 --- [    Test worker] o.s.w.s.h.BeanNameUrlHandlerMapping      : Rejected bean name 'mvcUriComponentsContributor': no URL paths identified
2016-09-13 15:05:52.310 DEBUG 26868 --- [    Test worker] o.s.w.s.h.BeanNameUrlHandlerMapping      : Rejected bean name 'httpRequestHandlerAdapter': no URL paths identified
2016-09-13 15:05:52.310 DEBUG 26868 --- [    Test worker] o.s.w.s.h.BeanNameUrlHandlerMapping      : Rejected bean name 'simpleControllerHandlerAdapter': no URL paths identified
2016-09-13 15:05:52.310 DEBUG 26868 --- [    Test worker] o.s.w.s.h.BeanNameUrlHandlerMapping      : Rejected bean name 'handlerExceptionResolver': no URL paths identified
2016-09-13 15:05:52.311 DEBUG 26868 --- [    Test worker] o.s.w.s.h.BeanNameUrlHandlerMapping      : Rejected bean name 'mvcViewResolver': no URL paths identified
2016-09-13 15:05:52.312 DEBUG 26868 --- [    Test worker] o.s.w.s.h.BeanNameUrlHandlerMapping      : Rejected bean name 'org.springframework.boot.autoconfigure.web.WebMvcAutoConfiguration$WebMvcAutoConfigurationAdapter$FaviconConfiguration': no URL paths identified
2016-09-13 15:05:52.313 DEBUG 26868 --- [    Test worker] o.s.w.s.h.BeanNameUrlHandlerMapping      : Rejected bean name 'faviconHandlerMapping': no URL paths identified
2016-09-13 15:05:52.313 DEBUG 26868 --- [    Test worker] o.s.w.s.h.BeanNameUrlHandlerMapping      : Rejected bean name 'faviconRequestHandler': no URL paths identified
2016-09-13 15:05:52.314 DEBUG 26868 --- [    Test worker] o.s.w.s.h.BeanNameUrlHandlerMapping      : Rejected bean name 'org.springframework.boot.autoconfigure.web.WebMvcAutoConfiguration$WebMvcAutoConfigurationAdapter': no URL paths identified
2016-09-13 15:05:52.314 DEBUG 26868 --- [    Test worker] o.s.w.s.h.BeanNameUrlHandlerMapping      : Rejected bean name 'defaultViewResolver': no URL paths identified
2016-09-13 15:05:52.314 DEBUG 26868 --- [    Test worker] o.s.w.s.h.BeanNameUrlHandlerMapping      : Rejected bean name 'viewResolver': no URL paths identified
2016-09-13 15:05:52.314 DEBUG 26868 --- [    Test worker] o.s.w.s.h.BeanNameUrlHandlerMapping      : Rejected bean name 'requestContextFilter': no URL paths identified
2016-09-13 15:05:52.314 DEBUG 26868 --- [    Test worker] o.s.w.s.h.BeanNameUrlHandlerMapping      : Rejected bean name 'org.springframework.boot.autoconfigure.web.WebMvcAutoConfiguration': no URL paths identified
2016-09-13 15:05:52.315 DEBUG 26868 --- [    Test worker] o.s.w.s.h.BeanNameUrlHandlerMapping      : Rejected bean name 'hiddenHttpMethodFilter': no URL paths identified
2016-09-13 15:05:52.315 DEBUG 26868 --- [    Test worker] o.s.w.s.h.BeanNameUrlHandlerMapping      : Rejected bean name 'httpPutFormContentFilter': no URL paths identified
2016-09-13 15:05:52.315 DEBUG 26868 --- [    Test worker] o.s.w.s.h.BeanNameUrlHandlerMapping      : Rejected bean name 'org.springframework.boot.autoconfigure.aop.AopAutoConfiguration$JdkDynamicAutoProxyConfiguration': no URL paths identified
2016-09-13 15:05:52.315 DEBUG 26868 --- [    Test worker] o.s.w.s.h.BeanNameUrlHandlerMapping      : Rejected bean name 'org.springframework.aop.config.internalAutoProxyCreator': no URL paths identified
2016-09-13 15:05:52.315 DEBUG 26868 --- [    Test worker] o.s.w.s.h.BeanNameUrlHandlerMapping      : Rejected bean name 'org.springframework.boot.autoconfigure.aop.AopAutoConfiguration': no URL paths identified
2016-09-13 15:05:52.315 DEBUG 26868 --- [    Test worker] o.s.w.s.h.BeanNameUrlHandlerMapping      : Rejected bean name 'org.springframework.boot.autoconfigure.transaction.jta.JtaAutoConfiguration': no URL paths identified
2016-09-13 15:05:52.316 DEBUG 26868 --- [    Test worker] o.s.w.s.h.BeanNameUrlHandlerMapping      : Rejected bean name 'spring.jta-org.springframework.boot.autoconfigure.transaction.jta.JtaProperties': no URL paths identified
2016-09-13 15:05:52.316 DEBUG 26868 --- [    Test worker] o.s.w.s.h.BeanNameUrlHandlerMapping      : Rejected bean name 'org.springframework.boot.autoconfigure.jdbc.DataSourceConfiguration$Tomcat': no URL paths identified
2016-09-13 15:05:52.316 DEBUG 26868 --- [    Test worker] o.s.w.s.h.BeanNameUrlHandlerMapping      : Rejected bean name 'dataSource': no URL paths identified
2016-09-13 15:05:52.316 DEBUG 26868 --- [    Test worker] o.s.w.s.h.BeanNameUrlHandlerMapping      : Rejected bean name 'org.springframework.boot.autoconfigure.jdbc.DataSourceAutoConfiguration$PooledDataSourceConfiguration': no URL paths identified
2016-09-13 15:05:52.317 DEBUG 26868 --- [    Test worker] o.s.w.s.h.BeanNameUrlHandlerMapping      : Rejected bean name 'org.springframework.boot.autoconfigure.jdbc.metadata.DataSourcePoolMetadataProvidersConfiguration$TomcatDataSourcePoolMetadataProviderConfiguration': no URL paths identified
2016-09-13 15:05:52.317 DEBUG 26868 --- [    Test worker] o.s.w.s.h.BeanNameUrlHandlerMapping      : Rejected bean name 'tomcatPoolDataSourceMetadataProvider': no URL paths identified
2016-09-13 15:05:52.317 DEBUG 26868 --- [    Test worker] o.s.w.s.h.BeanNameUrlHandlerMapping      : Rejected bean name 'org.springframework.boot.autoconfigure.jdbc.metadata.DataSourcePoolMetadataProvidersConfiguration': no URL paths identified
2016-09-13 15:05:52.318 DEBUG 26868 --- [    Test worker] o.s.w.s.h.BeanNameUrlHandlerMapping      : Rejected bean name 'org.springframework.boot.autoconfigure.jdbc.DataSourceAutoConfiguration': no URL paths identified
2016-09-13 15:05:52.318 DEBUG 26868 --- [    Test worker] o.s.w.s.h.BeanNameUrlHandlerMapping      : Rejected bean name 'dataSourceInitializer': no URL paths identified
2016-09-13 15:05:52.318 DEBUG 26868 --- [    Test worker] o.s.w.s.h.BeanNameUrlHandlerMapping      : Rejected bean name 'spring.datasource-org.springframework.boot.autoconfigure.jdbc.DataSourceProperties': no URL paths identified
2016-09-13 15:05:52.319 DEBUG 26868 --- [    Test worker] o.s.w.s.h.BeanNameUrlHandlerMapping      : Rejected bean name 'dataSourceInitializerPostProcessor': no URL paths identified
2016-09-13 15:05:52.319 DEBUG 26868 --- [    Test worker] o.s.w.s.h.BeanNameUrlHandlerMapping      : Rejected bean name 'org.springframework.boot.autoconfigure.orm.jpa.JpaBaseConfiguration$JpaWebConfiguration$JpaWebMvcConfiguration': no URL paths identified
[...]
      - required @ConditionalOnClass classes not found: org.apache.commons.dbcp.BasicDataSource (OnClassCondition)

   DataSourceConfiguration.Dbcp2 did not match
      - required @ConditionalOnClass classes not found: org.apache.commons.dbcp2.BasicDataSource (OnClassCondition)

   DataSourceConfiguration.Hikari did not match
      - required @ConditionalOnClass classes not found: com.zaxxer.hikari.HikariDataSource (OnClassCondition)

   DataSourcePoolMetadataProvidersConfiguration.CommonsDbcp2PoolDataSourceMetadataProviderConfiguration did not match
      - required @ConditionalOnClass classes not found: org.apache.commons.dbcp2.BasicDataSource (OnClassCondition)

   DataSourcePoolMetadataProvidersConfiguration.CommonsDbcpPoolDataSourceMetadataProviderConfiguration did not match
      - required @ConditionalOnClass classes not found: org.apache.commons.dbcp.BasicDataSource (OnClassCondition)

   DataSourcePoolMetadataProvidersConfiguration.HikariPoolDataSourceMetadataProviderConfiguration did not match
      - required @ConditionalOnClass classes not found: com.zaxxer.hikari.HikariDataSource (OnClassCondition)

   DataSourceTransactionManagerAutoConfiguration.DataSourceTransactionManagerConfiguration#transactionManager did not match
      - @ConditionalOnMissingBean (types: org.springframework.transaction.PlatformTransactionManager; SearchStrategy: all) found the following [transactionManager] (OnBeanCondition)

   DeviceDelegatingViewResolverAutoConfiguration did not match
      - required @ConditionalOnClass classes not found: org.springframework.mobile.device.view.LiteDeviceDelegatingViewResolver (OnClassCondition)

   DeviceResolverAutoConfiguration did not match
      - required @ConditionalOnClass classes not found: org.springframework.mobile.device.DeviceResolverHandlerInterceptor,org.springframework.mobile.device.DeviceHandlerMethodArgumentResolver (OnClassCondition)

   DispatcherServletAutoConfiguration.DispatcherServletConfiguration#multipartResolver did not match
      - @ConditionalOnBean (types: org.springframework.web.multipart.MultipartResolver; SearchStrategy: all) found no beans (OnBeanCondition)

   EhCacheCacheConfiguration did not match
      - required @ConditionalOnClass classes not found: net.sf.ehcache.Cache,org.springframework.cache.ehcache.EhCacheCacheManager (OnClassCondition)

   ElasticsearchAutoConfiguration did not match
      - required @ConditionalOnClass classes not found: org.elasticsearch.client.Client,org.springframework.data.elasticsearch.client.TransportClientFactoryBean,org.springframework.data.elasticsearch.client.NodeClientFactoryBean (OnClassCondition)

   ElasticsearchDataAutoConfiguration did not match
      - required @ConditionalOnClass classes not found: org.elasticsearch.client.Client,org.springframework.data.elasticsearch.core.ElasticsearchTemplate (OnClassCondition)

   ElasticsearchRepositoriesAutoConfiguration did not match
      - required @ConditionalOnClass classes not found: org.elasticsearch.client.Client,org.springframework.data.elasticsearch.repository.ElasticsearchRepository (OnClassCondition)

   EmbeddedMongoAutoConfiguration did not match
      - required @ConditionalOnClass classes not found: com.mongodb.Mongo,de.flapdoodle.embed.mongo.MongodStarter (OnClassCondition)

   EmbeddedServletContainerAutoConfiguration.EmbeddedJetty did not match
      - required @ConditionalOnClass classes not found: org.eclipse.jetty.server.Server,org.eclipse.jetty.util.Loader,org.eclipse.jetty.webapp.WebAppContext (OnClassCondition)

   EmbeddedServletContainerAutoConfiguration.EmbeddedUndertow did not match
      - required @ConditionalOnClass classes not found: io.undertow.Undertow,org.xnio.SslClientAuthMode (OnClassCondition)

   ErrorMvcAutoConfiguration#basicErrorController did not match
      - @ConditionalOnMissingBean (types: org.springframework.boot.autoconfigure.web.ErrorController; SearchStrategy: current) found the following [globalErrorMessageRestController] (OnBeanCondition)

   FacebookAutoConfiguration did not match
      - required @ConditionalOnClass classes not found: org.springframework.social.config.annotation.SocialConfigurerAdapter,org.springframework.social.facebook.connect.FacebookConnectionFactory (OnClassCondition)

   FallbackWebSecurityAutoConfiguration did not match
      - required @ConditionalOnClass classes not found: org.springframework.security.config.annotation.web.configuration.EnableWebSecurity (OnClassCondition)

   FlywayAutoConfiguration did not match
      - required @ConditionalOnClass classes not found: org.flywaydb.core.Flyway (OnClassCondition)

   FreeMarkerAutoConfiguration did not match
      - required @ConditionalOnClass classes not found: freemarker.template.Configuration,org.springframework.ui.freemarker.FreeMarkerConfigurationFactory (OnClassCondition)

   GroovyTemplateAutoConfiguration did not match
      - required @ConditionalOnClass classes not found: groovy.text.markup.MarkupTemplateEngine (OnClassCondition)

   GsonAutoConfiguration did not match
      - required @ConditionalOnClass classes not found: com.google.gson.Gson (OnClassCondition)

   GsonHttpMessageConvertersConfiguration did not match
      - required @ConditionalOnClass classes not found: com.google.gson.Gson (OnClassCondition)

   GuavaCacheConfiguration did not match
      - required @ConditionalOnClass classes not found: com.google.common.cache.CacheBuilder,org.springframework.cache.guava.GuavaCacheManager (OnClassCondition)

   H2ConsoleAutoConfiguration did not match
      - @ConditionalOnClass classes found: org.h2.server.web.WebServlet (OnClassCondition)
      - found web application 'session' scope (OnWebApplicationCondition)
      - @ConditionalOnProperty missing required properties spring.h2.console.enabled (OnPropertyCondition)

   HazelcastAutoConfiguration did not match
      - required @ConditionalOnClass classes not found: com.hazelcast.core.HazelcastInstance (OnClassCondition)

   HazelcastCacheConfiguration did not match
      - required @ConditionalOnClass classes not found: com.hazelcast.core.HazelcastInstance,com.hazelcast.spring.cache.HazelcastCacheManager (OnClassCondition)

   HazelcastJpaDependencyAutoConfiguration did not match
      - required @ConditionalOnClass classes not found: com.hazelcast.core.HazelcastInstance (OnClassCondition)

   HornetQAutoConfiguration did not match
      - required @ConditionalOnClass classes not found: javax.jms.ConnectionFactory,org.hornetq.api.jms.HornetQJMSClient (OnClassCondition)

   HypermediaAutoConfiguration did not match
      - required @ConditionalOnClass classes not found: org.springframework.hateoas.Resource,org.springframework.plugin.core.Plugin (OnClassCondition)

   InfinispanCacheConfiguration did not match
      - required @ConditionalOnClass classes not found: org.infinispan.spring.provider.SpringEmbeddedCacheManager (OnClassCondition)

   IntegrationAutoConfiguration did not match
      - required @ConditionalOnClass classes not found: org.springframework.integration.config.EnableIntegration (OnClassCondition)

   JCacheCacheConfiguration did not match
      - required @ConditionalOnClass classes not found: javax.cache.Caching,org.springframework.cache.jcache.JCacheCacheManager (OnClassCondition)

   JacksonAutoConfiguration.JodaDateTimeJacksonConfiguration did not match
      - required @ConditionalOnClass classes not found: org.joda.time.DateTime,com.fasterxml.jackson.datatype.joda.ser.DateTimeSerializer,com.fasterxml.jackson.datatype.joda.cfg.JacksonJodaDateFormat (OnClassCondition)

   JacksonAutoConfiguration.ParameterNamesModuleConfiguration did not match
      - required @ConditionalOnClass classes not found: com.fasterxml.jackson.module.paramnames.ParameterNamesModule (OnClassCondition)

   JacksonHttpMessageConvertersConfiguration.MappingJackson2XmlHttpMessageConverterConfiguration did not match
      - required @ConditionalOnClass classes not found: com.fasterxml.jackson.dataformat.xml.XmlMapper (OnClassCondition)

   JerseyAutoConfiguration did not match
      - required @ConditionalOnClass classes not found: org.glassfish.jersey.server.spring.SpringComponentProvider (OnClassCondition)

   JestAutoConfiguration did not match
      - required @ConditionalOnClass classes not found: io.searchbox.client.JestClient (OnClassCondition)

   JmsAutoConfiguration did not match
      - required @ConditionalOnClass classes not found: org.springframework.jms.core.JmsTemplate (OnClassCondition)

   JmxAutoConfiguration did not match
      - @ConditionalOnClass classes found: org.springframework.jmx.export.MBeanExporter (OnClassCondition)
      - @ConditionalOnProperty expected 'true' for properties spring.jmx.enabled (OnPropertyCondition)

   JndiConnectionFactoryAutoConfiguration did not match
      - required @ConditionalOnClass classes not found: org.springframework.jms.core.JmsTemplate (OnClassCondition)

   JndiDataSourceAutoConfiguration did not match
      - @ConditionalOnClass classes found: javax.sql.DataSource,org.springframework.jdbc.datasource.embedded.EmbeddedDatabaseType (OnClassCondition)
      - @ConditionalOnProperty missing required properties spring.datasource.jndi-name (OnPropertyCondition)

   JndiJtaConfiguration did not match
      - @ConditionalOnClass classes found: org.springframework.transaction.jta.JtaTransactionManager (OnClassCondition)
      - JNDI environment is not available (OnJndiCondition)

   JooqAutoConfiguration did not match
      - required @ConditionalOnClass classes not found: org.jooq.DSLContext (OnClassCondition)

   LinkedInAutoConfiguration did not match
      - required @ConditionalOnClass classes not found: org.springframework.social.config.annotation.SocialConfigurerAdapter,org.springframework.social.linkedin.connect.LinkedInConnectionFactory (OnClassCondition)

   LiquibaseAutoConfiguration did not match
      - required @ConditionalOnClass classes not found: liquibase.integration.spring.SpringLiquibase (OnClassCondition)

   MailSenderAutoConfiguration did not match
      - required @ConditionalOnClass classes not found: javax.mail.internet.MimeMessage (OnClassCondition)

   MailSenderValidatorAutoConfiguration did not match
      - @ConditionalOnProperty missing required properties spring.mail.test-connection (OnPropertyCondition)

   MongoAutoConfiguration did not match
      - required @ConditionalOnClass classes not found: com.mongodb.MongoClient (OnClassCondition)

   MongoDataAutoConfiguration did not match
      - required @ConditionalOnClass classes not found: com.mongodb.Mongo,org.springframework.data.mongodb.core.MongoTemplate (OnClassCondition)

   MongoRepositoriesAutoConfiguration did not match
      - required @ConditionalOnClass classes not found: com.mongodb.Mongo,org.springframework.data.mongodb.repository.MongoRepository (OnClassCondition)

   MustacheAutoConfiguration did not match
      - required @ConditionalOnClass classes not found: com.samskivert.mustache.Mustache (OnClassCondition)

   NarayanaJtaConfiguration did not match
      - required @ConditionalOnClass classes not found: com.arjuna.ats.jta.UserTransaction (OnClassCondition)

   Neo4jDataAutoConfiguration did not match
      - required @ConditionalOnClass classes not found: org.neo4j.ogm.session.Neo4jSession,org.springframework.data.neo4j.template.Neo4jOperations (OnClassCondition)

   Neo4jRepositoriesAutoConfiguration did not match
      - required @ConditionalOnClass classes not found: org.neo4j.ogm.session.Neo4jSession,org.springframework.data.neo4j.repository.GraphRepository (OnClassCondition)

   OAuth2AutoConfiguration did not match
      - required @ConditionalOnClass classes not found: org.springframework.security.oauth2.common.OAuth2AccessToken (OnClassCondition)

   ProjectInfoAutoConfiguration#buildProperties did not match
      - resource not found: ${spring.info.build.location:classpath:META-INF/build-info.properties} (OnResourceCondition)

   ProjectInfoAutoConfiguration#gitProperties did not match
      - Git info not found at classpath:git.properties (ProjectInfoAutoConfiguration.GitResourceAvailableCondition)

   RabbitAutoConfiguration did not match
      - required @ConditionalOnClass classes not found: org.springframework.amqp.rabbit.core.RabbitTemplate,com.rabbitmq.client.Channel (OnClassCondition)

   ReactorAutoConfiguration did not match
      - required @ConditionalOnClass classes not found: reactor.spring.context.config.EnableReactor,reactor.Environment (OnClassCondition)

   RedisAutoConfiguration did not match
      - required @ConditionalOnClass classes not found: org.springframework.data.redis.connection.jedis.JedisConnection,org.springframework.data.redis.core.RedisOperations,redis.clients.jedis.Jedis (OnClassCondition)

   RedisRepositoriesAutoConfiguration did not match
      - required @ConditionalOnClass classes not found: redis.clients.jedis.Jedis,org.springframework.data.redis.repository.configuration.EnableRedisRepositories (OnClassCondition)

   RepositoryRestMvcAutoConfiguration did not match
      - required @ConditionalOnClass classes not found: org.springframework.data.rest.webmvc.config.RepositoryRestMvcConfiguration (OnClassCondition)

   SecurityAutoConfiguration did not match
      - required @ConditionalOnClass classes not found: org.springframework.security.authentication.AuthenticationManager,org.springframework.security.config.annotation.authentication.configurers.GlobalAuthenticationConfigurerAdapter (OnClassCondition)

   SecurityFilterAutoConfiguration did not match
      - required @ConditionalOnClass classes not found: org.springframework.security.web.context.AbstractSecurityWebApplicationInitializer,org.springframework.security.config.http.SessionCreationPolicy (OnClassCondition)

   SendGridAutoConfiguration did not match
      - required @ConditionalOnClass classes not found: com.sendgrid.SendGrid (OnClassCondition)

   SessionAutoConfiguration did not match
      - required @ConditionalOnClass classes not found: org.springframework.session.Session (OnClassCondition)

   SitePreferenceAutoConfiguration did not match
      - required @ConditionalOnClass classes not found: org.springframework.mobile.device.site.SitePreferenceHandlerInterceptor,org.springframework.mobile.device.site.SitePreferenceHandlerMethodArgumentResolver (OnClassCondition)

   SocialWebAutoConfiguration did not match
      - required @ConditionalOnClass classes not found: org.springframework.social.connect.web.ConnectController,org.springframework.social.config.annotation.SocialConfigurerAdapter (OnClassCondition)

   SolrAutoConfiguration did not match
      - required @ConditionalOnClass classes not found: org.apache.solr.client.solrj.impl.HttpSolrClient,org.apache.solr.client.solrj.impl.CloudSolrClient (OnClassCondition)

   SolrRepositoriesAutoConfiguration did not match
      - required @ConditionalOnClass classes not found: org.apache.solr.client.solrj.SolrClient,org.springframework.data.solr.repository.SolrRepository (OnClassCondition)

   SpringApplicationAdminJmxAutoConfiguration did not match
      - @ConditionalOnProperty missing required properties spring.application.admin.enabled (OnPropertyCondition)

   ThymeleafAutoConfiguration did not match
      - required @ConditionalOnClass classes not found: org.thymeleaf.spring4.SpringTemplateEngine (OnClassCondition)

   TwitterAutoConfiguration did not match
      - required @ConditionalOnClass classes not found: org.springframework.social.config.annotation.SocialConfigurerAdapter,org.springframework.social.twitter.connect.TwitterConnectionFactory (OnClassCondition)

   VelocityAutoConfiguration did not match
      - required @ConditionalOnClass classes not found: org.apache.velocity.app.VelocityEngine,org.springframework.ui.velocity.VelocityEngineFactory (OnClassCondition)

   WebMvcAutoConfiguration.ResourceChainCustomizerConfiguration did not match
      - Webjars locator (org.webjars.WebJarAssetLocator) is absent (OnEnabledResourceChainCondition)

   WebMvcAutoConfiguration.WebMvcAutoConfigurationAdapter#beanNameViewResolver did not match
      - @ConditionalOnMissingBean (types: org.springframework.web.servlet.view.BeanNameViewResolver; SearchStrategy: all) found the following [beanNameViewResolver] (OnBeanCondition)

   WebMvcAutoConfiguration.WebMvcAutoConfigurationAdapter#dateFormatter did not match
      - @ConditionalOnProperty missing required properties spring.mvc.date-format (OnPropertyCondition)

   WebMvcAutoConfiguration.WebMvcAutoConfigurationAdapter#localeResolver did not match
      - @ConditionalOnMissingBean (types: org.springframework.web.servlet.LocaleResolver; SearchStrategy: all) found no beans (OnBeanCondition)
      - @ConditionalOnProperty missing required properties spring.mvc.locale (OnPropertyCondition)

   WebServicesAutoConfiguration did not match
      - required @ConditionalOnClass classes not found: org.springframework.ws.transport.http.MessageDispatcherServlet (OnClassCondition)

   WebSocketAutoConfiguration.JettyWebSocketConfiguration did not match
      - required @ConditionalOnClass classes not found: org.eclipse.jetty.websocket.jsr356.server.deploy.WebSocketServerContainerInitializer (OnClassCondition)

   WebSocketAutoConfiguration.UndertowWebSocketConfiguration did not match
      - required @ConditionalOnClass classes not found: io.undertow.websockets.jsr.Bootstrap (OnClassCondition)

   WebSocketMessagingAutoConfiguration did not match
      - required @ConditionalOnClass classes not found: org.springframework.web.socket.config.annotation.WebSocketMessageBrokerConfigurer (OnClassCondition)

   XADataSourceAutoConfiguration did not match
      - @ConditionalOnClass classes found: javax.sql.DataSource,javax.transaction.TransactionManager,org.springframework.jdbc.datasource.embedded.EmbeddedDatabaseType (OnClassCondition)
      - @ConditionalOnBean (types: org.springframework.boot.jta.XADataSourceWrapper; SearchStrategy: all) found no beans (OnBeanCondition)


Exclusions:
-----------

    None


Unconditional classes:
----------------------

    org.springframework.boot.autoconfigure.PropertyPlaceholderAutoConfiguration

    org.springframework.boot.autoconfigure.web.WebClientAutoConfiguration

    org.springframework.boot.autoconfigure.context.ConfigurationPropertiesAutoConfiguration

    org.springframework.boot.autoconfigure.info.ProjectInfoAutoConfiguration



2016-09-13 15:05:52.760 DEBUG 26868 --- [    Test worker] o.s.w.s.resource.ResourceUrlProvider     : Looking for resource handler mappings
2016-09-13 15:05:52.761 DEBUG 26868 --- [    Test worker] o.s.w.s.resource.ResourceUrlProvider     : Found resource handler mapping: URL pattern="/**/favicon.ico", locations=[ServletContext resource [/], class path resource [META-INF/resources/], class path resource [resources/], class path resource [static/], class path resource [public/], class path resource []], resolvers=[org.springframework.web.servlet.resource.PathResourceResolver@3c5e59ad]
2016-09-13 15:05:52.762 DEBUG 26868 --- [    Test worker] o.s.w.s.resource.ResourceUrlProvider     : Found resource handler mapping: URL pattern="/webjars/**", locations=[class path resource [META-INF/resources/webjars/]], resolvers=[org.springframework.web.servlet.resource.PathResourceResolver@544226f4]
2016-09-13 15:05:52.762 DEBUG 26868 --- [    Test worker] o.s.w.s.resource.ResourceUrlProvider     : Found resource handler mapping: URL pattern="/**", locations=[ServletContext resource [/], class path resource [META-INF/resources/], class path resource [resources/], class path resource [static/], class path resource [public/]], resolvers=[org.springframework.web.servlet.resource.PathResourceResolver@570f34c9]
2016-09-13 15:05:52.769  INFO 26868 --- [    Test worker] c.w.b.BaeminfreshAPIApplicationTests     : Started BaeminfreshAPIApplicationTests in 6.006 seconds (JVM running for 6.845)
]]></system-out>
  <system-err><![CDATA[]]></system-err>
</testsuite>
